TN:verilator_coverage
SF:assertions/apb_timer_sva.sv
DA:4,23
BRDA:4,0,PCLK:0->1,23
BRDA:4,0,PCLK:1->0,23
DA:5,1
BRDA:5,0,PRESETn:0->1,1
BRDA:5,0,PRESETn:1->0,0
DA:6,9
BRDA:6,0,PSEL:0->1,9
BRDA:6,0,PSEL:1->0,9
DA:7,9
BRDA:7,0,PENABLE:0->1,9
BRDA:7,0,PENABLE:1->0,9
DA:8,8
BRDA:8,0,PWRITE:0->1,8
BRDA:8,0,PWRITE:1->0,8
DA:9,4
BRDA:9,0,PADDR[0]:0->1,0
BRDA:9,0,PADDR[0]:1->0,0
BRDA:9,0,PADDR[10]:0->1,0
BRDA:9,0,PADDR[10]:1->0,0
BRDA:9,0,PADDR[11]:0->1,0
BRDA:9,0,PADDR[11]:1->0,0
BRDA:9,0,PADDR[1]:0->1,0
BRDA:9,0,PADDR[1]:1->0,0
BRDA:9,0,PADDR[2]:0->1,4
BRDA:9,0,PADDR[2]:1->0,4
BRDA:9,0,PADDR[3]:0->1,4
BRDA:9,0,PADDR[3]:1->0,4
BRDA:9,0,PADDR[4]:0->1,0
BRDA:9,0,PADDR[4]:1->0,0
BRDA:9,0,PADDR[5]:0->1,0
BRDA:9,0,PADDR[5]:1->0,0
BRDA:9,0,PADDR[6]:0->1,0
BRDA:9,0,PADDR[6]:1->0,0
BRDA:9,0,PADDR[7]:0->1,0
BRDA:9,0,PADDR[7]:1->0,0
BRDA:9,0,PADDR[8]:0->1,0
BRDA:9,0,PADDR[8]:1->0,0
BRDA:9,0,PADDR[9]:0->1,0
BRDA:9,0,PADDR[9]:1->0,0
DA:10,4
BRDA:10,0,PWDATA[0]:0->1,4
BRDA:10,0,PWDATA[0]:1->0,4
BRDA:10,0,PWDATA[10]:0->1,0
BRDA:10,0,PWDATA[10]:1->0,0
BRDA:10,0,PWDATA[11]:0->1,0
BRDA:10,0,PWDATA[11]:1->0,0
BRDA:10,0,PWDATA[12]:0->1,0
BRDA:10,0,PWDATA[12]:1->0,0
BRDA:10,0,PWDATA[13]:0->1,0
BRDA:10,0,PWDATA[13]:1->0,0
BRDA:10,0,PWDATA[14]:0->1,0
BRDA:10,0,PWDATA[14]:1->0,0
BRDA:10,0,PWDATA[15]:0->1,0
BRDA:10,0,PWDATA[15]:1->0,0
BRDA:10,0,PWDATA[16]:0->1,0
BRDA:10,0,PWDATA[16]:1->0,0
BRDA:10,0,PWDATA[17]:0->1,0
BRDA:10,0,PWDATA[17]:1->0,0
BRDA:10,0,PWDATA[18]:0->1,0
BRDA:10,0,PWDATA[18]:1->0,0
BRDA:10,0,PWDATA[19]:0->1,0
BRDA:10,0,PWDATA[19]:1->0,0
BRDA:10,0,PWDATA[1]:0->1,4
BRDA:10,0,PWDATA[1]:1->0,4
BRDA:10,0,PWDATA[20]:0->1,0
BRDA:10,0,PWDATA[20]:1->0,0
BRDA:10,0,PWDATA[21]:0->1,0
BRDA:10,0,PWDATA[21]:1->0,0
BRDA:10,0,PWDATA[22]:0->1,0
BRDA:10,0,PWDATA[22]:1->0,0
BRDA:10,0,PWDATA[23]:0->1,0
BRDA:10,0,PWDATA[23]:1->0,0
BRDA:10,0,PWDATA[24]:0->1,0
BRDA:10,0,PWDATA[24]:1->0,0
BRDA:10,0,PWDATA[25]:0->1,0
BRDA:10,0,PWDATA[25]:1->0,0
BRDA:10,0,PWDATA[26]:0->1,0
BRDA:10,0,PWDATA[26]:1->0,0
BRDA:10,0,PWDATA[27]:0->1,0
BRDA:10,0,PWDATA[27]:1->0,0
BRDA:10,0,PWDATA[28]:0->1,0
BRDA:10,0,PWDATA[28]:1->0,0
BRDA:10,0,PWDATA[29]:0->1,0
BRDA:10,0,PWDATA[29]:1->0,0
BRDA:10,0,PWDATA[2]:0->1,1
BRDA:10,0,PWDATA[2]:1->0,1
BRDA:10,0,PWDATA[30]:0->1,0
BRDA:10,0,PWDATA[30]:1->0,0
BRDA:10,0,PWDATA[31]:0->1,0
BRDA:10,0,PWDATA[31]:1->0,0
BRDA:10,0,PWDATA[3]:0->1,0
BRDA:10,0,PWDATA[3]:1->0,0
BRDA:10,0,PWDATA[4]:0->1,2
BRDA:10,0,PWDATA[4]:1->0,2
BRDA:10,0,PWDATA[5]:0->1,0
BRDA:10,0,PWDATA[5]:1->0,0
BRDA:10,0,PWDATA[6]:0->1,0
BRDA:10,0,PWDATA[6]:1->0,0
BRDA:10,0,PWDATA[7]:0->1,0
BRDA:10,0,PWDATA[7]:1->0,0
BRDA:10,0,PWDATA[8]:0->1,0
BRDA:10,0,PWDATA[8]:1->0,0
BRDA:10,0,PWDATA[9]:0->1,0
BRDA:10,0,PWDATA[9]:1->0,0
DA:11,8
BRDA:11,0,PSTRB[0]:0->1,8
BRDA:11,0,PSTRB[0]:1->0,8
BRDA:11,0,PSTRB[1]:0->1,4
BRDA:11,0,PSTRB[1]:1->0,4
BRDA:11,0,PSTRB[2]:0->1,4
BRDA:11,0,PSTRB[2]:1->0,4
BRDA:11,0,PSTRB[3]:0->1,4
BRDA:11,0,PSTRB[3]:1->0,4
DA:12,0
BRDA:12,0,PPROT[0]:0->1,0
BRDA:12,0,PPROT[0]:1->0,0
BRDA:12,0,PPROT[1]:0->1,0
BRDA:12,0,PPROT[1]:1->0,0
BRDA:12,0,PPROT[2]:0->1,0
BRDA:12,0,PPROT[2]:1->0,0
DA:13,4
BRDA:13,0,PRDATA[0]:0->1,4
BRDA:13,0,PRDATA[0]:1->0,3
BRDA:13,0,PRDATA[10]:0->1,1
BRDA:13,0,PRDATA[10]:1->0,1
BRDA:13,0,PRDATA[11]:0->1,1
BRDA:13,0,PRDATA[11]:1->0,1
BRDA:13,0,PRDATA[12]:0->1,1
BRDA:13,0,PRDATA[12]:1->0,1
BRDA:13,0,PRDATA[13]:0->1,1
BRDA:13,0,PRDATA[13]:1->0,1
BRDA:13,0,PRDATA[14]:0->1,1
BRDA:13,0,PRDATA[14]:1->0,1
BRDA:13,0,PRDATA[15]:0->1,1
BRDA:13,0,PRDATA[15]:1->0,1
BRDA:13,0,PRDATA[16]:0->1,1
BRDA:13,0,PRDATA[16]:1->0,1
BRDA:13,0,PRDATA[17]:0->1,1
BRDA:13,0,PRDATA[17]:1->0,1
BRDA:13,0,PRDATA[18]:0->1,1
BRDA:13,0,PRDATA[18]:1->0,1
BRDA:13,0,PRDATA[19]:0->1,1
BRDA:13,0,PRDATA[19]:1->0,1
BRDA:13,0,PRDATA[1]:0->1,3
BRDA:13,0,PRDATA[1]:1->0,2
BRDA:13,0,PRDATA[20]:0->1,1
BRDA:13,0,PRDATA[20]:1->0,1
BRDA:13,0,PRDATA[21]:0->1,1
BRDA:13,0,PRDATA[21]:1->0,1
BRDA:13,0,PRDATA[22]:0->1,1
BRDA:13,0,PRDATA[22]:1->0,1
BRDA:13,0,PRDATA[23]:0->1,1
BRDA:13,0,PRDATA[23]:1->0,1
BRDA:13,0,PRDATA[24]:0->1,1
BRDA:13,0,PRDATA[24]:1->0,1
BRDA:13,0,PRDATA[25]:0->1,1
BRDA:13,0,PRDATA[25]:1->0,1
BRDA:13,0,PRDATA[26]:0->1,1
BRDA:13,0,PRDATA[26]:1->0,1
BRDA:13,0,PRDATA[27]:0->1,1
BRDA:13,0,PRDATA[27]:1->0,1
BRDA:13,0,PRDATA[28]:0->1,1
BRDA:13,0,PRDATA[28]:1->0,1
BRDA:13,0,PRDATA[29]:0->1,1
BRDA:13,0,PRDATA[29]:1->0,1
BRDA:13,0,PRDATA[2]:0->1,2
BRDA:13,0,PRDATA[2]:1->0,2
BRDA:13,0,PRDATA[30]:0->1,1
BRDA:13,0,PRDATA[30]:1->0,1
BRDA:13,0,PRDATA[31]:0->1,1
BRDA:13,0,PRDATA[31]:1->0,1
BRDA:13,0,PRDATA[3]:0->1,1
BRDA:13,0,PRDATA[3]:1->0,1
BRDA:13,0,PRDATA[4]:0->1,3
BRDA:13,0,PRDATA[4]:1->0,3
BRDA:13,0,PRDATA[5]:0->1,1
BRDA:13,0,PRDATA[5]:1->0,1
BRDA:13,0,PRDATA[6]:0->1,1
BRDA:13,0,PRDATA[6]:1->0,1
BRDA:13,0,PRDATA[7]:0->1,1
BRDA:13,0,PRDATA[7]:1->0,1
BRDA:13,0,PRDATA[8]:0->1,1
BRDA:13,0,PRDATA[8]:1->0,1
BRDA:13,0,PRDATA[9]:0->1,1
BRDA:13,0,PRDATA[9]:1->0,1
DA:14,1
BRDA:14,0,PREADY:0->1,1
BRDA:14,0,PREADY:1->0,0
DA:15,0
BRDA:15,0,PSLVERR:0->1,0
BRDA:15,0,PSLVERR:1->0,0
DA:16,1
BRDA:16,0,irq_o:0->1,1
BRDA:16,0,irq_o:1->0,0
BRF:182
BRH:2
end_of_record
SF:rtl/apb_timer.sv
DA:5,23
BRDA:5,0,PCLK:0->1,23
BRDA:5,0,PCLK:1->0,23
DA:6,1
BRDA:6,0,PRESETn:0->1,1
BRDA:6,0,PRESETn:1->0,0
DA:7,9
BRDA:7,0,PSEL:0->1,9
BRDA:7,0,PSEL:1->0,9
DA:8,9
BRDA:8,0,PENABLE:0->1,9
BRDA:8,0,PENABLE:1->0,9
DA:9,8
BRDA:9,0,PWRITE:0->1,8
BRDA:9,0,PWRITE:1->0,8
DA:10,4
BRDA:10,0,PADDR[0]:0->1,0
BRDA:10,0,PADDR[0]:1->0,0
BRDA:10,0,PADDR[10]:0->1,0
BRDA:10,0,PADDR[10]:1->0,0
BRDA:10,0,PADDR[11]:0->1,0
BRDA:10,0,PADDR[11]:1->0,0
BRDA:10,0,PADDR[1]:0->1,0
BRDA:10,0,PADDR[1]:1->0,0
BRDA:10,0,PADDR[2]:0->1,4
BRDA:10,0,PADDR[2]:1->0,4
BRDA:10,0,PADDR[3]:0->1,4
BRDA:10,0,PADDR[3]:1->0,4
BRDA:10,0,PADDR[4]:0->1,0
BRDA:10,0,PADDR[4]:1->0,0
BRDA:10,0,PADDR[5]:0->1,0
BRDA:10,0,PADDR[5]:1->0,0
BRDA:10,0,PADDR[6]:0->1,0
BRDA:10,0,PADDR[6]:1->0,0
BRDA:10,0,PADDR[7]:0->1,0
BRDA:10,0,PADDR[7]:1->0,0
BRDA:10,0,PADDR[8]:0->1,0
BRDA:10,0,PADDR[8]:1->0,0
BRDA:10,0,PADDR[9]:0->1,0
BRDA:10,0,PADDR[9]:1->0,0
DA:11,4
BRDA:11,0,PWDATA[0]:0->1,4
BRDA:11,0,PWDATA[0]:1->0,4
BRDA:11,0,PWDATA[10]:0->1,0
BRDA:11,0,PWDATA[10]:1->0,0
BRDA:11,0,PWDATA[11]:0->1,0
BRDA:11,0,PWDATA[11]:1->0,0
BRDA:11,0,PWDATA[12]:0->1,0
BRDA:11,0,PWDATA[12]:1->0,0
BRDA:11,0,PWDATA[13]:0->1,0
BRDA:11,0,PWDATA[13]:1->0,0
BRDA:11,0,PWDATA[14]:0->1,0
BRDA:11,0,PWDATA[14]:1->0,0
BRDA:11,0,PWDATA[15]:0->1,0
BRDA:11,0,PWDATA[15]:1->0,0
BRDA:11,0,PWDATA[16]:0->1,0
BRDA:11,0,PWDATA[16]:1->0,0
BRDA:11,0,PWDATA[17]:0->1,0
BRDA:11,0,PWDATA[17]:1->0,0
BRDA:11,0,PWDATA[18]:0->1,0
BRDA:11,0,PWDATA[18]:1->0,0
BRDA:11,0,PWDATA[19]:0->1,0
BRDA:11,0,PWDATA[19]:1->0,0
BRDA:11,0,PWDATA[1]:0->1,4
BRDA:11,0,PWDATA[1]:1->0,4
BRDA:11,0,PWDATA[20]:0->1,0
BRDA:11,0,PWDATA[20]:1->0,0
BRDA:11,0,PWDATA[21]:0->1,0
BRDA:11,0,PWDATA[21]:1->0,0
BRDA:11,0,PWDATA[22]:0->1,0
BRDA:11,0,PWDATA[22]:1->0,0
BRDA:11,0,PWDATA[23]:0->1,0
BRDA:11,0,PWDATA[23]:1->0,0
BRDA:11,0,PWDATA[24]:0->1,0
BRDA:11,0,PWDATA[24]:1->0,0
BRDA:11,0,PWDATA[25]:0->1,0
BRDA:11,0,PWDATA[25]:1->0,0
BRDA:11,0,PWDATA[26]:0->1,0
BRDA:11,0,PWDATA[26]:1->0,0
BRDA:11,0,PWDATA[27]:0->1,0
BRDA:11,0,PWDATA[27]:1->0,0
BRDA:11,0,PWDATA[28]:0->1,0
BRDA:11,0,PWDATA[28]:1->0,0
BRDA:11,0,PWDATA[29]:0->1,0
BRDA:11,0,PWDATA[29]:1->0,0
BRDA:11,0,PWDATA[2]:0->1,1
BRDA:11,0,PWDATA[2]:1->0,1
BRDA:11,0,PWDATA[30]:0->1,0
BRDA:11,0,PWDATA[30]:1->0,0
BRDA:11,0,PWDATA[31]:0->1,0
BRDA:11,0,PWDATA[31]:1->0,0
BRDA:11,0,PWDATA[3]:0->1,0
BRDA:11,0,PWDATA[3]:1->0,0
BRDA:11,0,PWDATA[4]:0->1,2
BRDA:11,0,PWDATA[4]:1->0,2
BRDA:11,0,PWDATA[5]:0->1,0
BRDA:11,0,PWDATA[5]:1->0,0
BRDA:11,0,PWDATA[6]:0->1,0
BRDA:11,0,PWDATA[6]:1->0,0
BRDA:11,0,PWDATA[7]:0->1,0
BRDA:11,0,PWDATA[7]:1->0,0
BRDA:11,0,PWDATA[8]:0->1,0
BRDA:11,0,PWDATA[8]:1->0,0
BRDA:11,0,PWDATA[9]:0->1,0
BRDA:11,0,PWDATA[9]:1->0,0
DA:12,8
BRDA:12,0,PSTRB[0]:0->1,8
BRDA:12,0,PSTRB[0]:1->0,8
BRDA:12,0,PSTRB[1]:0->1,4
BRDA:12,0,PSTRB[1]:1->0,4
BRDA:12,0,PSTRB[2]:0->1,4
BRDA:12,0,PSTRB[2]:1->0,4
BRDA:12,0,PSTRB[3]:0->1,4
BRDA:12,0,PSTRB[3]:1->0,4
DA:14,0
BRDA:14,0,PPROT[0]:0->1,0
BRDA:14,0,PPROT[0]:1->0,0
BRDA:14,0,PPROT[1]:0->1,0
BRDA:14,0,PPROT[1]:1->0,0
BRDA:14,0,PPROT[2]:0->1,0
BRDA:14,0,PPROT[2]:1->0,0
DA:16,4
BRDA:16,0,PRDATA[0]:0->1,4
BRDA:16,0,PRDATA[0]:1->0,3
BRDA:16,0,PRDATA[10]:0->1,1
BRDA:16,0,PRDATA[10]:1->0,1
BRDA:16,0,PRDATA[11]:0->1,1
BRDA:16,0,PRDATA[11]:1->0,1
BRDA:16,0,PRDATA[12]:0->1,1
BRDA:16,0,PRDATA[12]:1->0,1
BRDA:16,0,PRDATA[13]:0->1,1
BRDA:16,0,PRDATA[13]:1->0,1
BRDA:16,0,PRDATA[14]:0->1,1
BRDA:16,0,PRDATA[14]:1->0,1
BRDA:16,0,PRDATA[15]:0->1,1
BRDA:16,0,PRDATA[15]:1->0,1
BRDA:16,0,PRDATA[16]:0->1,1
BRDA:16,0,PRDATA[16]:1->0,1
BRDA:16,0,PRDATA[17]:0->1,1
BRDA:16,0,PRDATA[17]:1->0,1
BRDA:16,0,PRDATA[18]:0->1,1
BRDA:16,0,PRDATA[18]:1->0,1
BRDA:16,0,PRDATA[19]:0->1,1
BRDA:16,0,PRDATA[19]:1->0,1
BRDA:16,0,PRDATA[1]:0->1,3
BRDA:16,0,PRDATA[1]:1->0,2
BRDA:16,0,PRDATA[20]:0->1,1
BRDA:16,0,PRDATA[20]:1->0,1
BRDA:16,0,PRDATA[21]:0->1,1
BRDA:16,0,PRDATA[21]:1->0,1
BRDA:16,0,PRDATA[22]:0->1,1
BRDA:16,0,PRDATA[22]:1->0,1
BRDA:16,0,PRDATA[23]:0->1,1
BRDA:16,0,PRDATA[23]:1->0,1
BRDA:16,0,PRDATA[24]:0->1,1
BRDA:16,0,PRDATA[24]:1->0,1
BRDA:16,0,PRDATA[25]:0->1,1
BRDA:16,0,PRDATA[25]:1->0,1
BRDA:16,0,PRDATA[26]:0->1,1
BRDA:16,0,PRDATA[26]:1->0,1
BRDA:16,0,PRDATA[27]:0->1,1
BRDA:16,0,PRDATA[27]:1->0,1
BRDA:16,0,PRDATA[28]:0->1,1
BRDA:16,0,PRDATA[28]:1->0,1
BRDA:16,0,PRDATA[29]:0->1,1
BRDA:16,0,PRDATA[29]:1->0,1
BRDA:16,0,PRDATA[2]:0->1,2
BRDA:16,0,PRDATA[2]:1->0,2
BRDA:16,0,PRDATA[30]:0->1,1
BRDA:16,0,PRDATA[30]:1->0,1
BRDA:16,0,PRDATA[31]:0->1,1
BRDA:16,0,PRDATA[31]:1->0,1
BRDA:16,0,PRDATA[3]:0->1,1
BRDA:16,0,PRDATA[3]:1->0,1
BRDA:16,0,PRDATA[4]:0->1,3
BRDA:16,0,PRDATA[4]:1->0,3
BRDA:16,0,PRDATA[5]:0->1,1
BRDA:16,0,PRDATA[5]:1->0,1
BRDA:16,0,PRDATA[6]:0->1,1
BRDA:16,0,PRDATA[6]:1->0,1
BRDA:16,0,PRDATA[7]:0->1,1
BRDA:16,0,PRDATA[7]:1->0,1
BRDA:16,0,PRDATA[8]:0->1,1
BRDA:16,0,PRDATA[8]:1->0,1
BRDA:16,0,PRDATA[9]:0->1,1
BRDA:16,0,PRDATA[9]:1->0,1
DA:17,1
BRDA:17,0,PREADY:0->1,1
BRDA:17,0,PREADY:1->0,0
DA:18,0
BRDA:18,0,PSLVERR:0->1,0
BRDA:18,0,PSLVERR:1->0,0
DA:19,1
BRDA:19,0,irq_o:0->1,1
BRDA:19,0,irq_o:1->0,0
DA:24,2
BRDA:24,0,timer_enable_q:0->1,2
BRDA:24,0,timer_enable_q:1->0,1
DA:25,1
BRDA:25,0,irq_enable_q:0->1,1
BRDA:25,0,irq_enable_q:1->0,0
DA:26,3
BRDA:26,0,counter_q[0]:0->1,3
BRDA:26,0,counter_q[0]:1->0,3
BRDA:26,0,counter_q[10]:0->1,0
BRDA:26,0,counter_q[10]:1->0,0
BRDA:26,0,counter_q[11]:0->1,0
BRDA:26,0,counter_q[11]:1->0,0
BRDA:26,0,counter_q[12]:0->1,0
BRDA:26,0,counter_q[12]:1->0,0
BRDA:26,0,counter_q[13]:0->1,0
BRDA:26,0,counter_q[13]:1->0,0
BRDA:26,0,counter_q[14]:0->1,0
BRDA:26,0,counter_q[14]:1->0,0
BRDA:26,0,counter_q[15]:0->1,0
BRDA:26,0,counter_q[15]:1->0,0
BRDA:26,0,counter_q[16]:0->1,0
BRDA:26,0,counter_q[16]:1->0,0
BRDA:26,0,counter_q[17]:0->1,0
BRDA:26,0,counter_q[17]:1->0,0
BRDA:26,0,counter_q[18]:0->1,0
BRDA:26,0,counter_q[18]:1->0,0
BRDA:26,0,counter_q[19]:0->1,0
BRDA:26,0,counter_q[19]:1->0,0
BRDA:26,0,counter_q[1]:0->1,2
BRDA:26,0,counter_q[1]:1->0,1
BRDA:26,0,counter_q[20]:0->1,0
BRDA:26,0,counter_q[20]:1->0,0
BRDA:26,0,counter_q[21]:0->1,0
BRDA:26,0,counter_q[21]:1->0,0
BRDA:26,0,counter_q[22]:0->1,0
BRDA:26,0,counter_q[22]:1->0,0
BRDA:26,0,counter_q[23]:0->1,0
BRDA:26,0,counter_q[23]:1->0,0
BRDA:26,0,counter_q[24]:0->1,0
BRDA:26,0,counter_q[24]:1->0,0
BRDA:26,0,counter_q[25]:0->1,0
BRDA:26,0,counter_q[25]:1->0,0
BRDA:26,0,counter_q[26]:0->1,0
BRDA:26,0,counter_q[26]:1->0,0
BRDA:26,0,counter_q[27]:0->1,0
BRDA:26,0,counter_q[27]:1->0,0
BRDA:26,0,counter_q[28]:0->1,0
BRDA:26,0,counter_q[28]:1->0,0
BRDA:26,0,counter_q[29]:0->1,0
BRDA:26,0,counter_q[29]:1->0,0
BRDA:26,0,counter_q[2]:0->1,1
BRDA:26,0,counter_q[2]:1->0,0
BRDA:26,0,counter_q[30]:0->1,0
BRDA:26,0,counter_q[30]:1->0,0
BRDA:26,0,counter_q[31]:0->1,0
BRDA:26,0,counter_q[31]:1->0,0
BRDA:26,0,counter_q[3]:0->1,0
BRDA:26,0,counter_q[3]:1->0,0
BRDA:26,0,counter_q[4]:0->1,1
BRDA:26,0,counter_q[4]:1->0,0
BRDA:26,0,counter_q[5]:0->1,0
BRDA:26,0,counter_q[5]:1->0,0
BRDA:26,0,counter_q[6]:0->1,0
BRDA:26,0,counter_q[6]:1->0,0
BRDA:26,0,counter_q[7]:0->1,0
BRDA:26,0,counter_q[7]:1->0,0
BRDA:26,0,counter_q[8]:0->1,0
BRDA:26,0,counter_q[8]:1->0,0
BRDA:26,0,counter_q[9]:0->1,0
BRDA:26,0,counter_q[9]:1->0,0
DA:27,2
BRDA:27,0,compare_q[0]:0->1,1
BRDA:27,0,compare_q[0]:1->0,1
BRDA:27,0,compare_q[10]:0->1,1
BRDA:27,0,compare_q[10]:1->0,1
BRDA:27,0,compare_q[11]:0->1,1
BRDA:27,0,compare_q[11]:1->0,1
BRDA:27,0,compare_q[12]:0->1,1
BRDA:27,0,compare_q[12]:1->0,1
BRDA:27,0,compare_q[13]:0->1,1
BRDA:27,0,compare_q[13]:1->0,1
BRDA:27,0,compare_q[14]:0->1,1
BRDA:27,0,compare_q[14]:1->0,1
BRDA:27,0,compare_q[15]:0->1,1
BRDA:27,0,compare_q[15]:1->0,1
BRDA:27,0,compare_q[16]:0->1,1
BRDA:27,0,compare_q[16]:1->0,1
BRDA:27,0,compare_q[17]:0->1,1
BRDA:27,0,compare_q[17]:1->0,1
BRDA:27,0,compare_q[18]:0->1,1
BRDA:27,0,compare_q[18]:1->0,1
BRDA:27,0,compare_q[19]:0->1,1
BRDA:27,0,compare_q[19]:1->0,1
BRDA:27,0,compare_q[1]:0->1,1
BRDA:27,0,compare_q[1]:1->0,1
BRDA:27,0,compare_q[20]:0->1,1
BRDA:27,0,compare_q[20]:1->0,1
BRDA:27,0,compare_q[21]:0->1,1
BRDA:27,0,compare_q[21]:1->0,1
BRDA:27,0,compare_q[22]:0->1,1
BRDA:27,0,compare_q[22]:1->0,1
BRDA:27,0,compare_q[23]:0->1,1
BRDA:27,0,compare_q[23]:1->0,1
BRDA:27,0,compare_q[24]:0->1,1
BRDA:27,0,compare_q[24]:1->0,1
BRDA:27,0,compare_q[25]:0->1,1
BRDA:27,0,compare_q[25]:1->0,1
BRDA:27,0,compare_q[26]:0->1,1
BRDA:27,0,compare_q[26]:1->0,1
BRDA:27,0,compare_q[27]:0->1,1
BRDA:27,0,compare_q[27]:1->0,1
BRDA:27,0,compare_q[28]:0->1,1
BRDA:27,0,compare_q[28]:1->0,1
BRDA:27,0,compare_q[29]:0->1,1
BRDA:27,0,compare_q[29]:1->0,1
BRDA:27,0,compare_q[2]:0->1,2
BRDA:27,0,compare_q[2]:1->0,1
BRDA:27,0,compare_q[30]:0->1,1
BRDA:27,0,compare_q[30]:1->0,1
BRDA:27,0,compare_q[31]:0->1,1
BRDA:27,0,compare_q[31]:1->0,1
BRDA:27,0,compare_q[3]:0->1,1
BRDA:27,0,compare_q[3]:1->0,1
BRDA:27,0,compare_q[4]:0->1,2
BRDA:27,0,compare_q[4]:1->0,1
BRDA:27,0,compare_q[5]:0->1,1
BRDA:27,0,compare_q[5]:1->0,1
BRDA:27,0,compare_q[6]:0->1,1
BRDA:27,0,compare_q[6]:1->0,1
BRDA:27,0,compare_q[7]:0->1,1
BRDA:27,0,compare_q[7]:1->0,1
BRDA:27,0,compare_q[8]:0->1,1
BRDA:27,0,compare_q[8]:1->0,1
BRDA:27,0,compare_q[9]:0->1,1
BRDA:27,0,compare_q[9]:1->0,1
DA:28,1
BRDA:28,0,match_pending_q:0->1,1
BRDA:28,0,match_pending_q:1->0,0
DA:30,9
BRDA:30,0,transfer:0->1,9
BRDA:30,0,transfer:1->0,9
DA:31,8
BRDA:31,0,write_transfer:0->1,8
BRDA:31,0,write_transfer:1->0,8
DA:32,1
BRDA:32,0,address_aligned:0->1,1
BRDA:32,0,address_aligned:1->0,0
DA:33,1
BRDA:33,0,address_valid:0->1,1
BRDA:33,0,address_valid:1->0,0
DA:34,3
BRDA:34,0,control_write:0->1,3
BRDA:34,0,control_write:1->0,3
DA:35,2
BRDA:35,0,counter_write:0->1,2
BRDA:35,0,counter_write:1->0,2
DA:36,2
BRDA:36,0,compare_write:0->1,2
BRDA:36,0,compare_write:1->0,2
DA:37,1
BRDA:37,0,status_clear:0->1,1
BRDA:37,0,status_clear:1->0,1
DA:38,2
BRDA:38,0,automatic_increment:0->1,2
BRDA:38,0,automatic_increment:1->0,1
DA:39,2
BRDA:39,0,match_event:0->1,2
BRDA:39,0,match_event:1->0,2
DA:40,4
BRDA:40,0,incremented_counter[0]:0->1,4
BRDA:40,0,incremented_counter[0]:1->0,3
BRDA:40,0,incremented_counter[10]:0->1,0
BRDA:40,0,incremented_counter[10]:1->0,0
BRDA:40,0,incremented_counter[11]:0->1,0
BRDA:40,0,incremented_counter[11]:1->0,0
BRDA:40,0,incremented_counter[12]:0->1,0
BRDA:40,0,incremented_counter[12]:1->0,0
BRDA:40,0,incremented_counter[13]:0->1,0
BRDA:40,0,incremented_counter[13]:1->0,0
BRDA:40,0,incremented_counter[14]:0->1,0
BRDA:40,0,incremented_counter[14]:1->0,0
BRDA:40,0,incremented_counter[15]:0->1,0
BRDA:40,0,incremented_counter[15]:1->0,0
BRDA:40,0,incremented_counter[16]:0->1,0
BRDA:40,0,incremented_counter[16]:1->0,0
BRDA:40,0,incremented_counter[17]:0->1,0
BRDA:40,0,incremented_counter[17]:1->0,0
BRDA:40,0,incremented_counter[18]:0->1,0
BRDA:40,0,incremented_counter[18]:1->0,0
BRDA:40,0,incremented_counter[19]:0->1,0
BRDA:40,0,incremented_counter[19]:1->0,0
BRDA:40,0,incremented_counter[1]:0->1,2
BRDA:40,0,incremented_counter[1]:1->0,1
BRDA:40,0,incremented_counter[20]:0->1,0
BRDA:40,0,incremented_counter[20]:1->0,0
BRDA:40,0,incremented_counter[21]:0->1,0
BRDA:40,0,incremented_counter[21]:1->0,0
BRDA:40,0,incremented_counter[22]:0->1,0
BRDA:40,0,incremented_counter[22]:1->0,0
BRDA:40,0,incremented_counter[23]:0->1,0
BRDA:40,0,incremented_counter[23]:1->0,0
BRDA:40,0,incremented_counter[24]:0->1,0
BRDA:40,0,incremented_counter[24]:1->0,0
BRDA:40,0,incremented_counter[25]:0->1,0
BRDA:40,0,incremented_counter[25]:1->0,0
BRDA:40,0,incremented_counter[26]:0->1,0
BRDA:40,0,incremented_counter[26]:1->0,0
BRDA:40,0,incremented_counter[27]:0->1,0
BRDA:40,0,incremented_counter[27]:1->0,0
BRDA:40,0,incremented_counter[28]:0->1,0
BRDA:40,0,incremented_counter[28]:1->0,0
BRDA:40,0,incremented_counter[29]:0->1,0
BRDA:40,0,incremented_counter[29]:1->0,0
BRDA:40,0,incremented_counter[2]:0->1,1
BRDA:40,0,incremented_counter[2]:1->0,0
BRDA:40,0,incremented_counter[30]:0->1,0
BRDA:40,0,incremented_counter[30]:1->0,0
BRDA:40,0,incremented_counter[31]:0->1,0
BRDA:40,0,incremented_counter[31]:1->0,0
BRDA:40,0,incremented_counter[3]:0->1,0
BRDA:40,0,incremented_counter[3]:1->0,0
BRDA:40,0,incremented_counter[4]:0->1,1
BRDA:40,0,incremented_counter[4]:1->0,0
BRDA:40,0,incremented_counter[5]:0->1,0
BRDA:40,0,incremented_counter[5]:1->0,0
BRDA:40,0,incremented_counter[6]:0->1,0
BRDA:40,0,incremented_counter[6]:1->0,0
BRDA:40,0,incremented_counter[7]:0->1,0
BRDA:40,0,incremented_counter[7]:1->0,0
BRDA:40,0,incremented_counter[8]:0->1,0
BRDA:40,0,incremented_counter[8]:1->0,0
BRDA:40,0,incremented_counter[9]:0->1,0
BRDA:40,0,incremented_counter[9]:1->0,0
DA:41,6
BRDA:41,0,merged_counter[0]:0->1,6
BRDA:41,0,merged_counter[0]:1->0,6
BRDA:41,0,merged_counter[10]:0->1,0
BRDA:41,0,merged_counter[10]:1->0,0
BRDA:41,0,merged_counter[11]:0->1,0
BRDA:41,0,merged_counter[11]:1->0,0
BRDA:41,0,merged_counter[12]:0->1,0
BRDA:41,0,merged_counter[12]:1->0,0
BRDA:41,0,merged_counter[13]:0->1,0
BRDA:41,0,merged_counter[13]:1->0,0
BRDA:41,0,merged_counter[14]:0->1,0
BRDA:41,0,merged_counter[14]:1->0,0
BRDA:41,0,merged_counter[15]:0->1,0
BRDA:41,0,merged_counter[15]:1->0,0
BRDA:41,0,merged_counter[16]:0->1,0
BRDA:41,0,merged_counter[16]:1->0,0
BRDA:41,0,merged_counter[17]:0->1,0
BRDA:41,0,merged_counter[17]:1->0,0
BRDA:41,0,merged_counter[18]:0->1,0
BRDA:41,0,merged_counter[18]:1->0,0
BRDA:41,0,merged_counter[19]:0->1,0
BRDA:41,0,merged_counter[19]:1->0,0
BRDA:41,0,merged_counter[1]:0->1,4
BRDA:41,0,merged_counter[1]:1->0,3
BRDA:41,0,merged_counter[20]:0->1,0
BRDA:41,0,merged_counter[20]:1->0,0
BRDA:41,0,merged_counter[21]:0->1,0
BRDA:41,0,merged_counter[21]:1->0,0
BRDA:41,0,merged_counter[22]:0->1,0
BRDA:41,0,merged_counter[22]:1->0,0
BRDA:41,0,merged_counter[23]:0->1,0
BRDA:41,0,merged_counter[23]:1->0,0
BRDA:41,0,merged_counter[24]:0->1,0
BRDA:41,0,merged_counter[24]:1->0,0
BRDA:41,0,merged_counter[25]:0->1,0
BRDA:41,0,merged_counter[25]:1->0,0
BRDA:41,0,merged_counter[26]:0->1,0
BRDA:41,0,merged_counter[26]:1->0,0
BRDA:41,0,merged_counter[27]:0->1,0
BRDA:41,0,merged_counter[27]:1->0,0
BRDA:41,0,merged_counter[28]:0->1,0
BRDA:41,0,merged_counter[28]:1->0,0
BRDA:41,0,merged_counter[29]:0->1,0
BRDA:41,0,merged_counter[29]:1->0,0
BRDA:41,0,merged_counter[2]:0->1,2
BRDA:41,0,merged_counter[2]:1->0,1
BRDA:41,0,merged_counter[30]:0->1,0
BRDA:41,0,merged_counter[30]:1->0,0
BRDA:41,0,merged_counter[31]:0->1,0
BRDA:41,0,merged_counter[31]:1->0,0
BRDA:41,0,merged_counter[3]:0->1,0
BRDA:41,0,merged_counter[3]:1->0,0
BRDA:41,0,merged_counter[4]:0->1,4
BRDA:41,0,merged_counter[4]:1->0,3
BRDA:41,0,merged_counter[5]:0->1,0
BRDA:41,0,merged_counter[5]:1->0,0
BRDA:41,0,merged_counter[6]:0->1,0
BRDA:41,0,merged_counter[6]:1->0,0
BRDA:41,0,merged_counter[7]:0->1,0
BRDA:41,0,merged_counter[7]:1->0,0
BRDA:41,0,merged_counter[8]:0->1,0
BRDA:41,0,merged_counter[8]:1->0,0
BRDA:41,0,merged_counter[9]:0->1,0
BRDA:41,0,merged_counter[9]:1->0,0
DA:42,5
BRDA:42,0,merged_compare[0]:0->1,5
BRDA:42,0,merged_compare[0]:1->0,5
BRDA:42,0,merged_compare[10]:0->1,1
BRDA:42,0,merged_compare[10]:1->0,1
BRDA:42,0,merged_compare[11]:0->1,1
BRDA:42,0,merged_compare[11]:1->0,1
BRDA:42,0,merged_compare[12]:0->1,1
BRDA:42,0,merged_compare[12]:1->0,1
BRDA:42,0,merged_compare[13]:0->1,1
BRDA:42,0,merged_compare[13]:1->0,1
BRDA:42,0,merged_compare[14]:0->1,1
BRDA:42,0,merged_compare[14]:1->0,1
BRDA:42,0,merged_compare[15]:0->1,1
BRDA:42,0,merged_compare[15]:1->0,1
BRDA:42,0,merged_compare[16]:0->1,1
BRDA:42,0,merged_compare[16]:1->0,1
BRDA:42,0,merged_compare[17]:0->1,1
BRDA:42,0,merged_compare[17]:1->0,1
BRDA:42,0,merged_compare[18]:0->1,1
BRDA:42,0,merged_compare[18]:1->0,1
BRDA:42,0,merged_compare[19]:0->1,1
BRDA:42,0,merged_compare[19]:1->0,1
BRDA:42,0,merged_compare[1]:0->1,5
BRDA:42,0,merged_compare[1]:1->0,5
BRDA:42,0,merged_compare[20]:0->1,1
BRDA:42,0,merged_compare[20]:1->0,1
BRDA:42,0,merged_compare[21]:0->1,1
BRDA:42,0,merged_compare[21]:1->0,1
BRDA:42,0,merged_compare[22]:0->1,1
BRDA:42,0,merged_compare[22]:1->0,1
BRDA:42,0,merged_compare[23]:0->1,1
BRDA:42,0,merged_compare[23]:1->0,1
BRDA:42,0,merged_compare[24]:0->1,1
BRDA:42,0,merged_compare[24]:1->0,1
BRDA:42,0,merged_compare[25]:0->1,1
BRDA:42,0,merged_compare[25]:1->0,1
BRDA:42,0,merged_compare[26]:0->1,1
BRDA:42,0,merged_compare[26]:1->0,1
BRDA:42,0,merged_compare[27]:0->1,1
BRDA:42,0,merged_compare[27]:1->0,1
BRDA:42,0,merged_compare[28]:0->1,1
BRDA:42,0,merged_compare[28]:1->0,1
BRDA:42,0,merged_compare[29]:0->1,1
BRDA:42,0,merged_compare[29]:1->0,1
BRDA:42,0,merged_compare[2]:0->1,5
BRDA:42,0,merged_compare[2]:1->0,4
BRDA:42,0,merged_compare[30]:0->1,1
BRDA:42,0,merged_compare[30]:1->0,1
BRDA:42,0,merged_compare[31]:0->1,1
BRDA:42,0,merged_compare[31]:1->0,1
BRDA:42,0,merged_compare[3]:0->1,1
BRDA:42,0,merged_compare[3]:1->0,1
BRDA:42,0,merged_compare[4]:0->1,4
BRDA:42,0,merged_compare[4]:1->0,3
BRDA:42,0,merged_compare[5]:0->1,1
BRDA:42,0,merged_compare[5]:1->0,1
BRDA:42,0,merged_compare[6]:0->1,1
BRDA:42,0,merged_compare[6]:1->0,1
BRDA:42,0,merged_compare[7]:0->1,1
BRDA:42,0,merged_compare[7]:1->0,1
BRDA:42,0,merged_compare[8]:0->1,1
BRDA:42,0,merged_compare[8]:1->0,1
BRDA:42,0,merged_compare[9]:0->1,1
BRDA:42,0,merged_compare[9]:1->0,1
DA:44,82
DA:49,82
DA:50,82
DA:51,82
DA:52,82
DA:53,328
BRDA:53,0,block,82
BRDA:53,0,block,328
DA:54,208
BRDA:54,0,if,120
BRDA:54,0,else,208
DA:55,120
DA:58,82
DA:63,20
BRDA:63,0,(PENABLE==0) => 0,20
BRDA:63,0,(PREADY==0) => 0,0
BRDA:63,0,(PSEL==0) => 0,11
BRDA:63,0,(PSEL==1 && PENABLE==1 && PREADY==1) => 1,9
DA:64,20
BRDA:64,0,(PWRITE==0) => 0,13
BRDA:64,0,(transfer==0) => 0,20
BRDA:64,0,(transfer==1 && PWRITE==1) => 1,8
DA:67,14
DA:68,14
DA:72,14
DA:73,0
DA:77,29
BRDA:77,0,(address_valid==1) => 0,29
BRDA:77,0,(transfer==0) => 0,20
BRDA:77,0,(transfer==1 && address_valid==0) => 1,0
DA:80,21
BRDA:80,0,((PADDR == APB_TIMER_CONTROL_ADDR)==0) => 0,12
BRDA:80,0,(PSTRB[0]==0) => 0,13
BRDA:80,0,(address_valid==0) => 0,0
BRDA:80,0,(write_transfer==0) => 0,21
BRDA:80,0,(write_transfer==1 && address_valid==1 && (PADDR == APB_TIMER_CONTROL_ADDR)==1 && PSTRB[0]==1) => 1,3
DA:82,25
BRDA:82,0,((PADDR == APB_TIMER_COUNTER_ADDR)==0) => 0,25
BRDA:82,0,(PSTRB[0]==0 && PSTRB[1]==0 && PSTRB[2]==0 && PSTRB[3]==0) => 0,13
BRDA:82,0,(address_valid==0) => 0,0
BRDA:82,0,(write_transfer==0) => 0,21
BRDA:82,0,(write_transfer==1 && address_valid==1 && (PADDR == APB_TIMER_COUNTER_ADDR)==1 && PSTRB[0]==1) => 1,2
BRDA:82,0,(write_transfer==1 && address_valid==1 && (PADDR == APB_TIMER_COUNTER_ADDR)==1 && PSTRB[1]==1) => 1,2
BRDA:82,0,(write_transfer==1 && address_valid==1 && (PADDR == APB_TIMER_COUNTER_ADDR)==1 && PSTRB[2]==1) => 1,2
BRDA:82,0,(write_transfer==1 && address_valid==1 && (PADDR == APB_TIMER_COUNTER_ADDR)==1 && PSTRB[3]==1) => 1,2
DA:84,25
BRDA:84,0,((PADDR == APB_TIMER_COMPARE_ADDR)==0) => 0,25
BRDA:84,0,(PSTRB[0]==0 && PSTRB[1]==0 && PSTRB[2]==0 && PSTRB[3]==0) => 0,13
BRDA:84,0,(address_valid==0) => 0,0
BRDA:84,0,(write_transfer==0) => 0,21
BRDA:84,0,(write_transfer==1 && address_valid==1 && (PADDR == APB_TIMER_COMPARE_ADDR)==1 && PSTRB[0]==1) => 1,2
BRDA:84,0,(write_transfer==1 && address_valid==1 && (PADDR == APB_TIMER_COMPARE_ADDR)==1 && PSTRB[1]==1) => 1,2
BRDA:84,0,(write_transfer==1 && address_valid==1 && (PADDR == APB_TIMER_COMPARE_ADDR)==1 && PSTRB[2]==1) => 1,2
BRDA:84,0,(write_transfer==1 && address_valid==1 && (PADDR == APB_TIMER_COMPARE_ADDR)==1 && PSTRB[3]==1) => 1,2
DA:87,25
BRDA:87,0,((PADDR == APB_TIMER_STATUS_ADDR)==0) => 0,25
BRDA:87,0,(PSTRB[0]==0) => 0,13
BRDA:87,0,(PWDATA[0]==0) => 0,21
BRDA:87,0,(address_valid==0) => 0,0
BRDA:87,0,(write_transfer==0) => 0,21
BRDA:87,0,(write_transfer==1 && address_valid==1 && (PADDR == APB_TIMER_STATUS_ADDR)==1 && PSTRB[0]==1 && PWDATA[0]==1) => 1,1
DA:89,34
BRDA:89,0,(control_write==1) => 0,6
BRDA:89,0,(counter_write==1) => 0,4
BRDA:89,0,(timer_enable_q==0) => 0,34
BRDA:89,0,(timer_enable_q==1 && control_write==0 && counter_write==0) => 1,15
DA:91,38
BRDA:91,0,((incremented_counter == compare_q)==0) => 0,38
BRDA:91,0,(automatic_increment==0) => 0,37
BRDA:91,0,(automatic_increment==1 && (incremented_counter == compare_q)==1) => 1,3
DA:95,37
DA:96,37
DA:97,37
BRDA:97,0,else,0
BRDA:97,0,if,37
DA:98,37
DA:99,19
DA:100,6
DA:101,6
DA:102,6
DA:103,0
DA:108,13
BRDA:108,0,(irq_enable_q==0) => 0,10
BRDA:108,0,(match_pending_q==0) => 0,11
BRDA:108,0,(match_pending_q==1 && irq_enable_q==1) => 1,13
DA:110,23
DA:111,20
BRDA:111,0,else,20
BRDA:111,0,(PRESETn==0) => 1,3
BRDA:111,0,(PRESETn==1) => 0,20
BRDA:111,0,if,3
DA:112,3
DA:113,3
DA:114,3
DA:115,3
DA:116,3
DA:117,20
DA:118,17
BRDA:118,0,if,3
BRDA:118,0,else,17
DA:119,3
DA:120,3
DA:123,2
DA:124,2
DA:125,12
BRDA:125,0,if,6
BRDA:125,0,else,12
DA:126,6
DA:129,18
BRDA:129,0,if,2
BRDA:129,0,else,18
DA:130,2
DA:133,20
BRDA:133,0,else,20
BRDA:133,0,(match_event==1) => 1,2
BRDA:133,0,(match_pending_q==0 && match_event==0) => 0,7
BRDA:133,0,(match_pending_q==1 && status_clear==0) => 1,11
BRDA:133,0,(status_clear==1 && match_event==0) => 0,0
BRF:596
BRH:40
end_of_record
