TN:verilator_coverage
SF:assertions/apb_timer_sva.sv
DA:4,1435
BRDA:4,0,PCLK:0->1,1435
BRDA:4,0,PCLK:1->0,1435
DA:5,43
BRDA:5,0,PRESETn:0->1,43
BRDA:5,0,PRESETn:1->0,42
DA:6,562
BRDA:6,0,PSEL:0->1,562
BRDA:6,0,PSEL:1->0,562
DA:7,562
BRDA:7,0,PENABLE:0->1,562
BRDA:7,0,PENABLE:1->0,562
DA:8,291
BRDA:8,0,PWRITE:0->1,291
BRDA:8,0,PWRITE:1->0,291
DA:9,269
BRDA:9,0,PADDR[0]:0->1,138
BRDA:9,0,PADDR[0]:1->0,138
BRDA:9,0,PADDR[10]:0->1,48
BRDA:9,0,PADDR[10]:1->0,48
BRDA:9,0,PADDR[11]:0->1,48
BRDA:9,0,PADDR[11]:1->0,48
BRDA:9,0,PADDR[1]:0->1,91
BRDA:9,0,PADDR[1]:1->0,91
BRDA:9,0,PADDR[2]:0->1,269
BRDA:9,0,PADDR[2]:1->0,269
BRDA:9,0,PADDR[3]:0->1,222
BRDA:9,0,PADDR[3]:1->0,222
BRDA:9,0,PADDR[4]:0->1,91
BRDA:9,0,PADDR[4]:1->0,91
BRDA:9,0,PADDR[5]:0->1,48
BRDA:9,0,PADDR[5]:1->0,48
BRDA:9,0,PADDR[6]:0->1,48
BRDA:9,0,PADDR[6]:1->0,48
BRDA:9,0,PADDR[7]:0->1,48
BRDA:9,0,PADDR[7]:1->0,48
BRDA:9,0,PADDR[8]:0->1,95
BRDA:9,0,PADDR[8]:1->0,95
BRDA:9,0,PADDR[9]:0->1,48
BRDA:9,0,PADDR[9]:1->0,48
DA:10,160
BRDA:10,0,PWDATA[0]:0->1,160
BRDA:10,0,PWDATA[0]:1->0,160
BRDA:10,0,PWDATA[10]:0->1,120
BRDA:10,0,PWDATA[10]:1->0,120
BRDA:10,0,PWDATA[11]:0->1,111
BRDA:10,0,PWDATA[11]:1->0,111
BRDA:10,0,PWDATA[12]:0->1,113
BRDA:10,0,PWDATA[12]:1->0,113
BRDA:10,0,PWDATA[13]:0->1,119
BRDA:10,0,PWDATA[13]:1->0,119
BRDA:10,0,PWDATA[14]:0->1,110
BRDA:10,0,PWDATA[14]:1->0,110
BRDA:10,0,PWDATA[15]:0->1,120
BRDA:10,0,PWDATA[15]:1->0,120
BRDA:10,0,PWDATA[16]:0->1,124
BRDA:10,0,PWDATA[16]:1->0,124
BRDA:10,0,PWDATA[17]:0->1,120
BRDA:10,0,PWDATA[17]:1->0,120
BRDA:10,0,PWDATA[18]:0->1,124
BRDA:10,0,PWDATA[18]:1->0,124
BRDA:10,0,PWDATA[19]:0->1,120
BRDA:10,0,PWDATA[19]:1->0,120
BRDA:10,0,PWDATA[1]:0->1,147
BRDA:10,0,PWDATA[1]:1->0,147
BRDA:10,0,PWDATA[20]:0->1,116
BRDA:10,0,PWDATA[20]:1->0,116
BRDA:10,0,PWDATA[21]:0->1,133
BRDA:10,0,PWDATA[21]:1->0,133
BRDA:10,0,PWDATA[22]:0->1,114
BRDA:10,0,PWDATA[22]:1->0,114
BRDA:10,0,PWDATA[23]:0->1,119
BRDA:10,0,PWDATA[23]:1->0,119
BRDA:10,0,PWDATA[24]:0->1,123
BRDA:10,0,PWDATA[24]:1->0,123
BRDA:10,0,PWDATA[25]:0->1,110
BRDA:10,0,PWDATA[25]:1->0,110
BRDA:10,0,PWDATA[26]:0->1,104
BRDA:10,0,PWDATA[26]:1->0,104
BRDA:10,0,PWDATA[27]:0->1,119
BRDA:10,0,PWDATA[27]:1->0,119
BRDA:10,0,PWDATA[28]:0->1,110
BRDA:10,0,PWDATA[28]:1->0,110
BRDA:10,0,PWDATA[29]:0->1,135
BRDA:10,0,PWDATA[29]:1->0,135
BRDA:10,0,PWDATA[2]:0->1,122
BRDA:10,0,PWDATA[2]:1->0,122
BRDA:10,0,PWDATA[30]:0->1,120
BRDA:10,0,PWDATA[30]:1->0,120
BRDA:10,0,PWDATA[31]:0->1,112
BRDA:10,0,PWDATA[31]:1->0,112
BRDA:10,0,PWDATA[3]:0->1,114
BRDA:10,0,PWDATA[3]:1->0,114
BRDA:10,0,PWDATA[4]:0->1,116
BRDA:10,0,PWDATA[4]:1->0,116
BRDA:10,0,PWDATA[5]:0->1,116
BRDA:10,0,PWDATA[5]:1->0,116
BRDA:10,0,PWDATA[6]:0->1,115
BRDA:10,0,PWDATA[6]:1->0,115
BRDA:10,0,PWDATA[7]:0->1,120
BRDA:10,0,PWDATA[7]:1->0,120
BRDA:10,0,PWDATA[8]:0->1,112
BRDA:10,0,PWDATA[8]:1->0,112
BRDA:10,0,PWDATA[9]:0->1,125
BRDA:10,0,PWDATA[9]:1->0,125
DA:11,168
BRDA:11,0,PSTRB[0]:0->1,168
BRDA:11,0,PSTRB[0]:1->0,168
BRDA:11,0,PSTRB[1]:0->1,152
BRDA:11,0,PSTRB[1]:1->0,152
BRDA:11,0,PSTRB[2]:0->1,165
BRDA:11,0,PSTRB[2]:1->0,165
BRDA:11,0,PSTRB[3]:0->1,141
BRDA:11,0,PSTRB[3]:1->0,141
DA:12,231
BRDA:12,0,PPROT[0]:0->1,231
BRDA:12,0,PPROT[0]:1->0,231
BRDA:12,0,PPROT[1]:0->1,223
BRDA:12,0,PPROT[1]:1->0,223
BRDA:12,0,PPROT[2]:0->1,217
BRDA:12,0,PPROT[2]:1->0,217
DA:13,163
BRDA:13,0,PRDATA[0]:0->1,163
BRDA:13,0,PRDATA[0]:1->0,163
BRDA:13,0,PRDATA[10]:0->1,81
BRDA:13,0,PRDATA[10]:1->0,81
BRDA:13,0,PRDATA[11]:0->1,71
BRDA:13,0,PRDATA[11]:1->0,71
BRDA:13,0,PRDATA[12]:0->1,84
BRDA:13,0,PRDATA[12]:1->0,84
BRDA:13,0,PRDATA[13]:0->1,65
BRDA:13,0,PRDATA[13]:1->0,65
BRDA:13,0,PRDATA[14]:0->1,89
BRDA:13,0,PRDATA[14]:1->0,89
BRDA:13,0,PRDATA[15]:0->1,76
BRDA:13,0,PRDATA[15]:1->0,76
BRDA:13,0,PRDATA[16]:0->1,83
BRDA:13,0,PRDATA[16]:1->0,83
BRDA:13,0,PRDATA[17]:0->1,73
BRDA:13,0,PRDATA[17]:1->0,73
BRDA:13,0,PRDATA[18]:0->1,80
BRDA:13,0,PRDATA[18]:1->0,80
BRDA:13,0,PRDATA[19]:0->1,85
BRDA:13,0,PRDATA[19]:1->0,85
BRDA:13,0,PRDATA[1]:0->1,136
BRDA:13,0,PRDATA[1]:1->0,136
BRDA:13,0,PRDATA[20]:0->1,78
BRDA:13,0,PRDATA[20]:1->0,78
BRDA:13,0,PRDATA[21]:0->1,82
BRDA:13,0,PRDATA[21]:1->0,82
BRDA:13,0,PRDATA[22]:0->1,84
BRDA:13,0,PRDATA[22]:1->0,84
BRDA:13,0,PRDATA[23]:0->1,74
BRDA:13,0,PRDATA[23]:1->0,74
BRDA:13,0,PRDATA[24]:0->1,82
BRDA:13,0,PRDATA[24]:1->0,82
BRDA:13,0,PRDATA[25]:0->1,78
BRDA:13,0,PRDATA[25]:1->0,78
BRDA:13,0,PRDATA[26]:0->1,76
BRDA:13,0,PRDATA[26]:1->0,76
BRDA:13,0,PRDATA[27]:0->1,87
BRDA:13,0,PRDATA[27]:1->0,87
BRDA:13,0,PRDATA[28]:0->1,80
BRDA:13,0,PRDATA[28]:1->0,80
BRDA:13,0,PRDATA[29]:0->1,81
BRDA:13,0,PRDATA[29]:1->0,81
BRDA:13,0,PRDATA[2]:0->1,89
BRDA:13,0,PRDATA[2]:1->0,89
BRDA:13,0,PRDATA[30]:0->1,72
BRDA:13,0,PRDATA[30]:1->0,72
BRDA:13,0,PRDATA[31]:0->1,82
BRDA:13,0,PRDATA[31]:1->0,82
BRDA:13,0,PRDATA[3]:0->1,96
BRDA:13,0,PRDATA[3]:1->0,96
BRDA:13,0,PRDATA[4]:0->1,92
BRDA:13,0,PRDATA[4]:1->0,92
BRDA:13,0,PRDATA[5]:0->1,91
BRDA:13,0,PRDATA[5]:1->0,91
BRDA:13,0,PRDATA[6]:0->1,93
BRDA:13,0,PRDATA[6]:1->0,93
BRDA:13,0,PRDATA[7]:0->1,87
BRDA:13,0,PRDATA[7]:1->0,87
BRDA:13,0,PRDATA[8]:0->1,89
BRDA:13,0,PRDATA[8]:1->0,89
BRDA:13,0,PRDATA[9]:0->1,88
BRDA:13,0,PRDATA[9]:1->0,88
DA:14,1
BRDA:14,0,PREADY:0->1,1
BRDA:14,0,PREADY:1->0,0
DA:15,271
BRDA:15,0,PSLVERR:0->1,271
BRDA:15,0,PSLVERR:1->0,271
DA:16,10
BRDA:16,0,irq_o:0->1,10
BRDA:16,0,irq_o:1->0,10
DA:20,43
BRDA:20,0,previous_cycle_valid:0->1,43
BRDA:20,0,previous_cycle_valid:1->0,42
DA:21,562
BRDA:21,0,previous_setup_phase:0->1,562
BRDA:21,0,previous_setup_phase:1->0,562
DA:22,155
BRDA:22,0,previous_PADDR[0]:0->1,107
BRDA:22,0,previous_PADDR[0]:1->0,107
BRDA:22,0,previous_PADDR[10]:0->1,45
BRDA:22,0,previous_PADDR[10]:1->0,45
BRDA:22,0,previous_PADDR[11]:0->1,45
BRDA:22,0,previous_PADDR[11]:1->0,45
BRDA:22,0,previous_PADDR[1]:0->1,78
BRDA:22,0,previous_PADDR[1]:1->0,78
BRDA:22,0,previous_PADDR[2]:0->1,155
BRDA:22,0,previous_PADDR[2]:1->0,154
BRDA:22,0,previous_PADDR[3]:0->1,153
BRDA:22,0,previous_PADDR[3]:1->0,152
BRDA:22,0,previous_PADDR[4]:0->1,78
BRDA:22,0,previous_PADDR[4]:1->0,78
BRDA:22,0,previous_PADDR[5]:0->1,45
BRDA:22,0,previous_PADDR[5]:1->0,45
BRDA:22,0,previous_PADDR[6]:0->1,45
BRDA:22,0,previous_PADDR[6]:1->0,45
BRDA:22,0,previous_PADDR[7]:0->1,45
BRDA:22,0,previous_PADDR[7]:1->0,45
BRDA:22,0,previous_PADDR[8]:0->1,76
BRDA:22,0,previous_PADDR[8]:1->0,76
BRDA:22,0,previous_PADDR[9]:0->1,45
BRDA:22,0,previous_PADDR[9]:1->0,45
DA:23,164
BRDA:23,0,previous_PWRITE:0->1,164
BRDA:23,0,previous_PWRITE:1->0,164
DA:24,131
BRDA:24,0,previous_PWDATA[0]:0->1,131
BRDA:24,0,previous_PWDATA[0]:1->0,131
BRDA:24,0,previous_PWDATA[10]:0->1,93
BRDA:24,0,previous_PWDATA[10]:1->0,93
BRDA:24,0,previous_PWDATA[11]:0->1,88
BRDA:24,0,previous_PWDATA[11]:1->0,88
BRDA:24,0,previous_PWDATA[12]:0->1,89
BRDA:24,0,previous_PWDATA[12]:1->0,89
BRDA:24,0,previous_PWDATA[13]:0->1,93
BRDA:24,0,previous_PWDATA[13]:1->0,93
BRDA:24,0,previous_PWDATA[14]:0->1,86
BRDA:24,0,previous_PWDATA[14]:1->0,86
BRDA:24,0,previous_PWDATA[15]:0->1,98
BRDA:24,0,previous_PWDATA[15]:1->0,98
BRDA:24,0,previous_PWDATA[16]:0->1,97
BRDA:24,0,previous_PWDATA[16]:1->0,97
BRDA:24,0,previous_PWDATA[17]:0->1,102
BRDA:24,0,previous_PWDATA[17]:1->0,102
BRDA:24,0,previous_PWDATA[18]:0->1,96
BRDA:24,0,previous_PWDATA[18]:1->0,96
BRDA:24,0,previous_PWDATA[19]:0->1,94
BRDA:24,0,previous_PWDATA[19]:1->0,94
BRDA:24,0,previous_PWDATA[1]:0->1,116
BRDA:24,0,previous_PWDATA[1]:1->0,116
BRDA:24,0,previous_PWDATA[20]:0->1,92
BRDA:24,0,previous_PWDATA[20]:1->0,92
BRDA:24,0,previous_PWDATA[21]:0->1,94
BRDA:24,0,previous_PWDATA[21]:1->0,94
BRDA:24,0,previous_PWDATA[22]:0->1,92
BRDA:24,0,previous_PWDATA[22]:1->0,92
BRDA:24,0,previous_PWDATA[23]:0->1,102
BRDA:24,0,previous_PWDATA[23]:1->0,102
BRDA:24,0,previous_PWDATA[24]:0->1,95
BRDA:24,0,previous_PWDATA[24]:1->0,95
BRDA:24,0,previous_PWDATA[25]:0->1,91
BRDA:24,0,previous_PWDATA[25]:1->0,91
BRDA:24,0,previous_PWDATA[26]:0->1,82
BRDA:24,0,previous_PWDATA[26]:1->0,82
BRDA:24,0,previous_PWDATA[27]:0->1,94
BRDA:24,0,previous_PWDATA[27]:1->0,94
BRDA:24,0,previous_PWDATA[28]:0->1,89
BRDA:24,0,previous_PWDATA[28]:1->0,89
BRDA:24,0,previous_PWDATA[29]:0->1,107
BRDA:24,0,previous_PWDATA[29]:1->0,107
BRDA:24,0,previous_PWDATA[2]:0->1,104
BRDA:24,0,previous_PWDATA[2]:1->0,104
BRDA:24,0,previous_PWDATA[30]:0->1,99
BRDA:24,0,previous_PWDATA[30]:1->0,99
BRDA:24,0,previous_PWDATA[31]:0->1,93
BRDA:24,0,previous_PWDATA[31]:1->0,93
BRDA:24,0,previous_PWDATA[3]:0->1,91
BRDA:24,0,previous_PWDATA[3]:1->0,91
BRDA:24,0,previous_PWDATA[4]:0->1,96
BRDA:24,0,previous_PWDATA[4]:1->0,96
BRDA:24,0,previous_PWDATA[5]:0->1,102
BRDA:24,0,previous_PWDATA[5]:1->0,102
BRDA:24,0,previous_PWDATA[6]:0->1,92
BRDA:24,0,previous_PWDATA[6]:1->0,92
BRDA:24,0,previous_PWDATA[7]:0->1,100
BRDA:24,0,previous_PWDATA[7]:1->0,100
BRDA:24,0,previous_PWDATA[8]:0->1,89
BRDA:24,0,previous_PWDATA[8]:1->0,89
BRDA:24,0,previous_PWDATA[9]:0->1,102
BRDA:24,0,previous_PWDATA[9]:1->0,102
DA:25,120
BRDA:25,0,previous_PSTRB[0]:0->1,113
BRDA:25,0,previous_PSTRB[0]:1->0,113
BRDA:25,0,previous_PSTRB[1]:0->1,118
BRDA:25,0,previous_PSTRB[1]:1->0,118
BRDA:25,0,previous_PSTRB[2]:0->1,120
BRDA:25,0,previous_PSTRB[2]:1->0,120
BRDA:25,0,previous_PSTRB[3]:0->1,107
BRDA:25,0,previous_PSTRB[3]:1->0,107
DA:26,123
BRDA:26,0,previous_PPROT[0]:0->1,123
BRDA:26,0,previous_PPROT[0]:1->0,123
BRDA:26,0,previous_PPROT[1]:0->1,120
BRDA:26,0,previous_PPROT[1]:1->0,120
BRDA:26,0,previous_PPROT[2]:0->1,118
BRDA:26,0,previous_PPROT[2]:1->0,118
DA:33,1477
DA:34,1318
BRDA:34,0,(PRESETn==0) => 1,159
BRDA:34,0,(PRESETn==1) => 0,1318
BRDA:34,0,if,159
DA:35,159
DA:36,159
DA:37,159
DA:38,159
DA:39,159
DA:40,159
DA:41,159
DA:44,1124
BRDA:44,0,(PENABLE==0) => 1,756
BRDA:44,0,(PENABLE==1 && PSEL==0) => 0,0
BRDA:44,0,(PSEL==1) => 1,1124
BRF:296
BRH:293
end_of_record
SF:rtl/apb_timer.sv
DA:5,1435
BRDA:5,0,PCLK:0->1,1435
BRDA:5,0,PCLK:1->0,1435
DA:6,43
BRDA:6,0,PRESETn:0->1,43
BRDA:6,0,PRESETn:1->0,42
DA:7,562
BRDA:7,0,PSEL:0->1,562
BRDA:7,0,PSEL:1->0,562
DA:8,562
BRDA:8,0,PENABLE:0->1,562
BRDA:8,0,PENABLE:1->0,562
DA:9,291
BRDA:9,0,PWRITE:0->1,291
BRDA:9,0,PWRITE:1->0,291
DA:10,269
BRDA:10,0,PADDR[0]:0->1,138
BRDA:10,0,PADDR[0]:1->0,138
BRDA:10,0,PADDR[10]:0->1,48
BRDA:10,0,PADDR[10]:1->0,48
BRDA:10,0,PADDR[11]:0->1,48
BRDA:10,0,PADDR[11]:1->0,48
BRDA:10,0,PADDR[1]:0->1,91
BRDA:10,0,PADDR[1]:1->0,91
BRDA:10,0,PADDR[2]:0->1,269
BRDA:10,0,PADDR[2]:1->0,269
BRDA:10,0,PADDR[3]:0->1,222
BRDA:10,0,PADDR[3]:1->0,222
BRDA:10,0,PADDR[4]:0->1,91
BRDA:10,0,PADDR[4]:1->0,91
BRDA:10,0,PADDR[5]:0->1,48
BRDA:10,0,PADDR[5]:1->0,48
BRDA:10,0,PADDR[6]:0->1,48
BRDA:10,0,PADDR[6]:1->0,48
BRDA:10,0,PADDR[7]:0->1,48
BRDA:10,0,PADDR[7]:1->0,48
BRDA:10,0,PADDR[8]:0->1,95
BRDA:10,0,PADDR[8]:1->0,95
BRDA:10,0,PADDR[9]:0->1,48
BRDA:10,0,PADDR[9]:1->0,48
DA:11,160
BRDA:11,0,PWDATA[0]:0->1,160
BRDA:11,0,PWDATA[0]:1->0,160
BRDA:11,0,PWDATA[10]:0->1,120
BRDA:11,0,PWDATA[10]:1->0,120
BRDA:11,0,PWDATA[11]:0->1,111
BRDA:11,0,PWDATA[11]:1->0,111
BRDA:11,0,PWDATA[12]:0->1,113
BRDA:11,0,PWDATA[12]:1->0,113
BRDA:11,0,PWDATA[13]:0->1,119
BRDA:11,0,PWDATA[13]:1->0,119
BRDA:11,0,PWDATA[14]:0->1,110
BRDA:11,0,PWDATA[14]:1->0,110
BRDA:11,0,PWDATA[15]:0->1,120
BRDA:11,0,PWDATA[15]:1->0,120
BRDA:11,0,PWDATA[16]:0->1,124
BRDA:11,0,PWDATA[16]:1->0,124
BRDA:11,0,PWDATA[17]:0->1,120
BRDA:11,0,PWDATA[17]:1->0,120
BRDA:11,0,PWDATA[18]:0->1,124
BRDA:11,0,PWDATA[18]:1->0,124
BRDA:11,0,PWDATA[19]:0->1,120
BRDA:11,0,PWDATA[19]:1->0,120
BRDA:11,0,PWDATA[1]:0->1,147
BRDA:11,0,PWDATA[1]:1->0,147
BRDA:11,0,PWDATA[20]:0->1,116
BRDA:11,0,PWDATA[20]:1->0,116
BRDA:11,0,PWDATA[21]:0->1,133
BRDA:11,0,PWDATA[21]:1->0,133
BRDA:11,0,PWDATA[22]:0->1,114
BRDA:11,0,PWDATA[22]:1->0,114
BRDA:11,0,PWDATA[23]:0->1,119
BRDA:11,0,PWDATA[23]:1->0,119
BRDA:11,0,PWDATA[24]:0->1,123
BRDA:11,0,PWDATA[24]:1->0,123
BRDA:11,0,PWDATA[25]:0->1,110
BRDA:11,0,PWDATA[25]:1->0,110
BRDA:11,0,PWDATA[26]:0->1,104
BRDA:11,0,PWDATA[26]:1->0,104
BRDA:11,0,PWDATA[27]:0->1,119
BRDA:11,0,PWDATA[27]:1->0,119
BRDA:11,0,PWDATA[28]:0->1,110
BRDA:11,0,PWDATA[28]:1->0,110
BRDA:11,0,PWDATA[29]:0->1,135
BRDA:11,0,PWDATA[29]:1->0,135
BRDA:11,0,PWDATA[2]:0->1,122
BRDA:11,0,PWDATA[2]:1->0,122
BRDA:11,0,PWDATA[30]:0->1,120
BRDA:11,0,PWDATA[30]:1->0,120
BRDA:11,0,PWDATA[31]:0->1,112
BRDA:11,0,PWDATA[31]:1->0,112
BRDA:11,0,PWDATA[3]:0->1,114
BRDA:11,0,PWDATA[3]:1->0,114
BRDA:11,0,PWDATA[4]:0->1,116
BRDA:11,0,PWDATA[4]:1->0,116
BRDA:11,0,PWDATA[5]:0->1,116
BRDA:11,0,PWDATA[5]:1->0,116
BRDA:11,0,PWDATA[6]:0->1,115
BRDA:11,0,PWDATA[6]:1->0,115
BRDA:11,0,PWDATA[7]:0->1,120
BRDA:11,0,PWDATA[7]:1->0,120
BRDA:11,0,PWDATA[8]:0->1,112
BRDA:11,0,PWDATA[8]:1->0,112
BRDA:11,0,PWDATA[9]:0->1,125
BRDA:11,0,PWDATA[9]:1->0,125
DA:12,168
BRDA:12,0,PSTRB[0]:0->1,168
BRDA:12,0,PSTRB[0]:1->0,168
BRDA:12,0,PSTRB[1]:0->1,152
BRDA:12,0,PSTRB[1]:1->0,152
BRDA:12,0,PSTRB[2]:0->1,165
BRDA:12,0,PSTRB[2]:1->0,165
BRDA:12,0,PSTRB[3]:0->1,141
BRDA:12,0,PSTRB[3]:1->0,141
DA:14,231
BRDA:14,0,PPROT[0]:0->1,231
BRDA:14,0,PPROT[0]:1->0,231
BRDA:14,0,PPROT[1]:0->1,223
BRDA:14,0,PPROT[1]:1->0,223
BRDA:14,0,PPROT[2]:0->1,217
BRDA:14,0,PPROT[2]:1->0,217
DA:16,163
BRDA:16,0,PRDATA[0]:0->1,163
BRDA:16,0,PRDATA[0]:1->0,163
BRDA:16,0,PRDATA[10]:0->1,81
BRDA:16,0,PRDATA[10]:1->0,81
BRDA:16,0,PRDATA[11]:0->1,71
BRDA:16,0,PRDATA[11]:1->0,71
BRDA:16,0,PRDATA[12]:0->1,84
BRDA:16,0,PRDATA[12]:1->0,84
BRDA:16,0,PRDATA[13]:0->1,65
BRDA:16,0,PRDATA[13]:1->0,65
BRDA:16,0,PRDATA[14]:0->1,89
BRDA:16,0,PRDATA[14]:1->0,89
BRDA:16,0,PRDATA[15]:0->1,76
BRDA:16,0,PRDATA[15]:1->0,76
BRDA:16,0,PRDATA[16]:0->1,83
BRDA:16,0,PRDATA[16]:1->0,83
BRDA:16,0,PRDATA[17]:0->1,73
BRDA:16,0,PRDATA[17]:1->0,73
BRDA:16,0,PRDATA[18]:0->1,80
BRDA:16,0,PRDATA[18]:1->0,80
BRDA:16,0,PRDATA[19]:0->1,85
BRDA:16,0,PRDATA[19]:1->0,85
BRDA:16,0,PRDATA[1]:0->1,136
BRDA:16,0,PRDATA[1]:1->0,136
BRDA:16,0,PRDATA[20]:0->1,78
BRDA:16,0,PRDATA[20]:1->0,78
BRDA:16,0,PRDATA[21]:0->1,82
BRDA:16,0,PRDATA[21]:1->0,82
BRDA:16,0,PRDATA[22]:0->1,84
BRDA:16,0,PRDATA[22]:1->0,84
BRDA:16,0,PRDATA[23]:0->1,74
BRDA:16,0,PRDATA[23]:1->0,74
BRDA:16,0,PRDATA[24]:0->1,82
BRDA:16,0,PRDATA[24]:1->0,82
BRDA:16,0,PRDATA[25]:0->1,78
BRDA:16,0,PRDATA[25]:1->0,78
BRDA:16,0,PRDATA[26]:0->1,76
BRDA:16,0,PRDATA[26]:1->0,76
BRDA:16,0,PRDATA[27]:0->1,87
BRDA:16,0,PRDATA[27]:1->0,87
BRDA:16,0,PRDATA[28]:0->1,80
BRDA:16,0,PRDATA[28]:1->0,80
BRDA:16,0,PRDATA[29]:0->1,81
BRDA:16,0,PRDATA[29]:1->0,81
BRDA:16,0,PRDATA[2]:0->1,89
BRDA:16,0,PRDATA[2]:1->0,89
BRDA:16,0,PRDATA[30]:0->1,72
BRDA:16,0,PRDATA[30]:1->0,72
BRDA:16,0,PRDATA[31]:0->1,82
BRDA:16,0,PRDATA[31]:1->0,82
BRDA:16,0,PRDATA[3]:0->1,96
BRDA:16,0,PRDATA[3]:1->0,96
BRDA:16,0,PRDATA[4]:0->1,92
BRDA:16,0,PRDATA[4]:1->0,92
BRDA:16,0,PRDATA[5]:0->1,91
BRDA:16,0,PRDATA[5]:1->0,91
BRDA:16,0,PRDATA[6]:0->1,93
BRDA:16,0,PRDATA[6]:1->0,93
BRDA:16,0,PRDATA[7]:0->1,87
BRDA:16,0,PRDATA[7]:1->0,87
BRDA:16,0,PRDATA[8]:0->1,89
BRDA:16,0,PRDATA[8]:1->0,89
BRDA:16,0,PRDATA[9]:0->1,88
BRDA:16,0,PRDATA[9]:1->0,88
DA:17,1
BRDA:17,0,PREADY:0->1,1
BRDA:17,0,PREADY:1->0,0
DA:18,271
BRDA:18,0,PSLVERR:0->1,271
BRDA:18,0,PSLVERR:1->0,271
DA:19,10
BRDA:19,0,irq_o:0->1,10
BRDA:19,0,irq_o:1->0,10
DA:24,29
BRDA:24,0,timer_enable_q:0->1,29
BRDA:24,0,timer_enable_q:1->0,29
DA:25,18
BRDA:25,0,irq_enable_q:0->1,18
BRDA:25,0,irq_enable_q:1->0,18
DA:26,116
BRDA:26,0,counter_q[0]:0->1,116
BRDA:26,0,counter_q[0]:1->0,116
BRDA:26,0,counter_q[10]:0->1,9
BRDA:26,0,counter_q[10]:1->0,9
BRDA:26,0,counter_q[11]:0->1,6
BRDA:26,0,counter_q[11]:1->0,6
BRDA:26,0,counter_q[12]:0->1,11
BRDA:26,0,counter_q[12]:1->0,11
BRDA:26,0,counter_q[13]:0->1,7
BRDA:26,0,counter_q[13]:1->0,6
BRDA:26,0,counter_q[14]:0->1,11
BRDA:26,0,counter_q[14]:1->0,11
BRDA:26,0,counter_q[15]:0->1,10
BRDA:26,0,counter_q[15]:1->0,10
BRDA:26,0,counter_q[16]:0->1,7
BRDA:26,0,counter_q[16]:1->0,6
BRDA:26,0,counter_q[17]:0->1,9
BRDA:26,0,counter_q[17]:1->0,9
BRDA:26,0,counter_q[18]:0->1,9
BRDA:26,0,counter_q[18]:1->0,9
BRDA:26,0,counter_q[19]:0->1,7
BRDA:26,0,counter_q[19]:1->0,6
BRDA:26,0,counter_q[1]:0->1,64
BRDA:26,0,counter_q[1]:1->0,64
BRDA:26,0,counter_q[20]:0->1,7
BRDA:26,0,counter_q[20]:1->0,7
BRDA:26,0,counter_q[21]:0->1,10
BRDA:26,0,counter_q[21]:1->0,10
BRDA:26,0,counter_q[22]:0->1,8
BRDA:26,0,counter_q[22]:1->0,7
BRDA:26,0,counter_q[23]:0->1,9
BRDA:26,0,counter_q[23]:1->0,9
BRDA:26,0,counter_q[24]:0->1,11
BRDA:26,0,counter_q[24]:1->0,11
BRDA:26,0,counter_q[25]:0->1,7
BRDA:26,0,counter_q[25]:1->0,7
BRDA:26,0,counter_q[26]:0->1,5
BRDA:26,0,counter_q[26]:1->0,5
BRDA:26,0,counter_q[27]:0->1,9
BRDA:26,0,counter_q[27]:1->0,9
BRDA:26,0,counter_q[28]:0->1,10
BRDA:26,0,counter_q[28]:1->0,10
BRDA:26,0,counter_q[29]:0->1,8
BRDA:26,0,counter_q[29]:1->0,7
BRDA:26,0,counter_q[2]:0->1,40
BRDA:26,0,counter_q[2]:1->0,39
BRDA:26,0,counter_q[30]:0->1,7
BRDA:26,0,counter_q[30]:1->0,6
BRDA:26,0,counter_q[31]:0->1,11
BRDA:26,0,counter_q[31]:1->0,10
BRDA:26,0,counter_q[3]:0->1,19
BRDA:26,0,counter_q[3]:1->0,18
BRDA:26,0,counter_q[4]:0->1,12
BRDA:26,0,counter_q[4]:1->0,11
BRDA:26,0,counter_q[5]:0->1,10
BRDA:26,0,counter_q[5]:1->0,9
BRDA:26,0,counter_q[6]:0->1,10
BRDA:26,0,counter_q[6]:1->0,10
BRDA:26,0,counter_q[7]:0->1,9
BRDA:26,0,counter_q[7]:1->0,8
BRDA:26,0,counter_q[8]:0->1,14
BRDA:26,0,counter_q[8]:1->0,13
BRDA:26,0,counter_q[9]:0->1,10
BRDA:26,0,counter_q[9]:1->0,10
DA:27,25
BRDA:27,0,compare_q[0]:0->1,23
BRDA:27,0,compare_q[0]:1->0,22
BRDA:27,0,compare_q[10]:0->1,21
BRDA:27,0,compare_q[10]:1->0,20
BRDA:27,0,compare_q[11]:0->1,19
BRDA:27,0,compare_q[11]:1->0,19
BRDA:27,0,compare_q[12]:0->1,20
BRDA:27,0,compare_q[12]:1->0,19
BRDA:27,0,compare_q[13]:0->1,23
BRDA:27,0,compare_q[13]:1->0,23
BRDA:27,0,compare_q[14]:0->1,20
BRDA:27,0,compare_q[14]:1->0,19
BRDA:27,0,compare_q[15]:0->1,25
BRDA:27,0,compare_q[15]:1->0,25
BRDA:27,0,compare_q[16]:0->1,21
BRDA:27,0,compare_q[16]:1->0,20
BRDA:27,0,compare_q[17]:0->1,20
BRDA:27,0,compare_q[17]:1->0,19
BRDA:27,0,compare_q[18]:0->1,21
BRDA:27,0,compare_q[18]:1->0,20
BRDA:27,0,compare_q[19]:0->1,22
BRDA:27,0,compare_q[19]:1->0,21
BRDA:27,0,compare_q[1]:0->1,13
BRDA:27,0,compare_q[1]:1->0,12
BRDA:27,0,compare_q[20]:0->1,20
BRDA:27,0,compare_q[20]:1->0,19
BRDA:27,0,compare_q[21]:0->1,19
BRDA:27,0,compare_q[21]:1->0,18
BRDA:27,0,compare_q[22]:0->1,22
BRDA:27,0,compare_q[22]:1->0,21
BRDA:27,0,compare_q[23]:0->1,22
BRDA:27,0,compare_q[23]:1->0,21
BRDA:27,0,compare_q[24]:0->1,19
BRDA:27,0,compare_q[24]:1->0,19
BRDA:27,0,compare_q[25]:0->1,20
BRDA:27,0,compare_q[25]:1->0,20
BRDA:27,0,compare_q[26]:0->1,17
BRDA:27,0,compare_q[26]:1->0,16
BRDA:27,0,compare_q[27]:0->1,18
BRDA:27,0,compare_q[27]:1->0,18
BRDA:27,0,compare_q[28]:0->1,18
BRDA:27,0,compare_q[28]:1->0,18
BRDA:27,0,compare_q[29]:0->1,18
BRDA:27,0,compare_q[29]:1->0,17
BRDA:27,0,compare_q[2]:0->1,22
BRDA:27,0,compare_q[2]:1->0,21
BRDA:27,0,compare_q[30]:0->1,20
BRDA:27,0,compare_q[30]:1->0,19
BRDA:27,0,compare_q[31]:0->1,20
BRDA:27,0,compare_q[31]:1->0,19
BRDA:27,0,compare_q[3]:0->1,21
BRDA:27,0,compare_q[3]:1->0,20
BRDA:27,0,compare_q[4]:0->1,19
BRDA:27,0,compare_q[4]:1->0,18
BRDA:27,0,compare_q[5]:0->1,20
BRDA:27,0,compare_q[5]:1->0,19
BRDA:27,0,compare_q[6]:0->1,16
BRDA:27,0,compare_q[6]:1->0,16
BRDA:27,0,compare_q[7]:0->1,19
BRDA:27,0,compare_q[7]:1->0,18
BRDA:27,0,compare_q[8]:0->1,21
BRDA:27,0,compare_q[8]:1->0,21
BRDA:27,0,compare_q[9]:0->1,22
BRDA:27,0,compare_q[9]:1->0,21
DA:28,13
BRDA:28,0,match_pending_q:0->1,13
BRDA:28,0,match_pending_q:1->0,13
DA:30,562
BRDA:30,0,transfer:0->1,562
BRDA:30,0,transfer:1->0,562
DA:31,291
BRDA:31,0,write_transfer:0->1,291
BRDA:31,0,write_transfer:1->0,291
DA:32,182
BRDA:32,0,address_aligned:0->1,182
BRDA:32,0,address_aligned:1->0,181
DA:33,272
BRDA:33,0,address_valid:0->1,272
BRDA:33,0,address_valid:1->0,271
DA:34,40
BRDA:34,0,control_write:0->1,40
BRDA:34,0,control_write:1->0,40
DA:35,42
BRDA:35,0,counter_write:0->1,42
BRDA:35,0,counter_write:1->0,42
DA:36,45
BRDA:36,0,compare_write:0->1,45
BRDA:36,0,compare_write:1->0,45
DA:37,5
BRDA:37,0,status_clear:0->1,5
BRDA:37,0,status_clear:1->0,5
DA:38,38
BRDA:38,0,automatic_increment:0->1,38
BRDA:38,0,automatic_increment:1->0,38
DA:39,15
BRDA:39,0,match_event:0->1,15
BRDA:39,0,match_event:1->0,15
DA:40,117
BRDA:40,0,incremented_counter[0]:0->1,117
BRDA:40,0,incremented_counter[0]:1->0,116
BRDA:40,0,incremented_counter[10]:0->1,9
BRDA:40,0,incremented_counter[10]:1->0,9
BRDA:40,0,incremented_counter[11]:0->1,6
BRDA:40,0,incremented_counter[11]:1->0,6
BRDA:40,0,incremented_counter[12]:0->1,11
BRDA:40,0,incremented_counter[12]:1->0,11
BRDA:40,0,incremented_counter[13]:0->1,7
BRDA:40,0,incremented_counter[13]:1->0,6
BRDA:40,0,incremented_counter[14]:0->1,11
BRDA:40,0,incremented_counter[14]:1->0,11
BRDA:40,0,incremented_counter[15]:0->1,10
BRDA:40,0,incremented_counter[15]:1->0,10
BRDA:40,0,incremented_counter[16]:0->1,7
BRDA:40,0,incremented_counter[16]:1->0,6
BRDA:40,0,incremented_counter[17]:0->1,9
BRDA:40,0,incremented_counter[17]:1->0,9
BRDA:40,0,incremented_counter[18]:0->1,9
BRDA:40,0,incremented_counter[18]:1->0,9
BRDA:40,0,incremented_counter[19]:0->1,7
BRDA:40,0,incremented_counter[19]:1->0,6
BRDA:40,0,incremented_counter[1]:0->1,71
BRDA:40,0,incremented_counter[1]:1->0,71
BRDA:40,0,incremented_counter[20]:0->1,7
BRDA:40,0,incremented_counter[20]:1->0,7
BRDA:40,0,incremented_counter[21]:0->1,10
BRDA:40,0,incremented_counter[21]:1->0,10
BRDA:40,0,incremented_counter[22]:0->1,8
BRDA:40,0,incremented_counter[22]:1->0,7
BRDA:40,0,incremented_counter[23]:0->1,9
BRDA:40,0,incremented_counter[23]:1->0,9
BRDA:40,0,incremented_counter[24]:0->1,11
BRDA:40,0,incremented_counter[24]:1->0,11
BRDA:40,0,incremented_counter[25]:0->1,7
BRDA:40,0,incremented_counter[25]:1->0,7
BRDA:40,0,incremented_counter[26]:0->1,5
BRDA:40,0,incremented_counter[26]:1->0,5
BRDA:40,0,incremented_counter[27]:0->1,9
BRDA:40,0,incremented_counter[27]:1->0,9
BRDA:40,0,incremented_counter[28]:0->1,10
BRDA:40,0,incremented_counter[28]:1->0,10
BRDA:40,0,incremented_counter[29]:0->1,8
BRDA:40,0,incremented_counter[29]:1->0,7
BRDA:40,0,incremented_counter[2]:0->1,39
BRDA:40,0,incremented_counter[2]:1->0,38
BRDA:40,0,incremented_counter[30]:0->1,7
BRDA:40,0,incremented_counter[30]:1->0,6
BRDA:40,0,incremented_counter[31]:0->1,11
BRDA:40,0,incremented_counter[31]:1->0,10
BRDA:40,0,incremented_counter[3]:0->1,16
BRDA:40,0,incremented_counter[3]:1->0,15
BRDA:40,0,incremented_counter[4]:0->1,13
BRDA:40,0,incremented_counter[4]:1->0,12
BRDA:40,0,incremented_counter[5]:0->1,10
BRDA:40,0,incremented_counter[5]:1->0,9
BRDA:40,0,incremented_counter[6]:0->1,9
BRDA:40,0,incremented_counter[6]:1->0,9
BRDA:40,0,incremented_counter[7]:0->1,8
BRDA:40,0,incremented_counter[7]:1->0,7
BRDA:40,0,incremented_counter[8]:0->1,14
BRDA:40,0,incremented_counter[8]:1->0,13
BRDA:40,0,incremented_counter[9]:0->1,11
BRDA:40,0,incremented_counter[9]:1->0,11
DA:41,181
BRDA:41,0,merged_counter[0]:0->1,181
BRDA:41,0,merged_counter[0]:1->0,181
BRDA:41,0,merged_counter[10]:0->1,58
BRDA:41,0,merged_counter[10]:1->0,58
BRDA:41,0,merged_counter[11]:0->1,59
BRDA:41,0,merged_counter[11]:1->0,59
BRDA:41,0,merged_counter[12]:0->1,57
BRDA:41,0,merged_counter[12]:1->0,57
BRDA:41,0,merged_counter[13]:0->1,64
BRDA:41,0,merged_counter[13]:1->0,63
BRDA:41,0,merged_counter[14]:0->1,57
BRDA:41,0,merged_counter[14]:1->0,57
BRDA:41,0,merged_counter[15]:0->1,60
BRDA:41,0,merged_counter[15]:1->0,60
BRDA:41,0,merged_counter[16]:0->1,62
BRDA:41,0,merged_counter[16]:1->0,61
BRDA:41,0,merged_counter[17]:0->1,70
BRDA:41,0,merged_counter[17]:1->0,70
BRDA:41,0,merged_counter[18]:0->1,70
BRDA:41,0,merged_counter[18]:1->0,70
BRDA:41,0,merged_counter[19]:0->1,67
BRDA:41,0,merged_counter[19]:1->0,66
BRDA:41,0,merged_counter[1]:0->1,134
BRDA:41,0,merged_counter[1]:1->0,134
BRDA:41,0,merged_counter[20]:0->1,66
BRDA:41,0,merged_counter[20]:1->0,66
BRDA:41,0,merged_counter[21]:0->1,76
BRDA:41,0,merged_counter[21]:1->0,76
BRDA:41,0,merged_counter[22]:0->1,71
BRDA:41,0,merged_counter[22]:1->0,70
BRDA:41,0,merged_counter[23]:0->1,68
BRDA:41,0,merged_counter[23]:1->0,68
BRDA:41,0,merged_counter[24]:0->1,61
BRDA:41,0,merged_counter[24]:1->0,61
BRDA:41,0,merged_counter[25]:0->1,55
BRDA:41,0,merged_counter[25]:1->0,55
BRDA:41,0,merged_counter[26]:0->1,51
BRDA:41,0,merged_counter[26]:1->0,51
BRDA:41,0,merged_counter[27]:0->1,52
BRDA:41,0,merged_counter[27]:1->0,52
BRDA:41,0,merged_counter[28]:0->1,63
BRDA:41,0,merged_counter[28]:1->0,63
BRDA:41,0,merged_counter[29]:0->1,63
BRDA:41,0,merged_counter[29]:1->0,62
BRDA:41,0,merged_counter[2]:0->1,94
BRDA:41,0,merged_counter[2]:1->0,93
BRDA:41,0,merged_counter[30]:0->1,58
BRDA:41,0,merged_counter[30]:1->0,57
BRDA:41,0,merged_counter[31]:0->1,50
BRDA:41,0,merged_counter[31]:1->0,49
BRDA:41,0,merged_counter[3]:0->1,70
BRDA:41,0,merged_counter[3]:1->0,69
BRDA:41,0,merged_counter[4]:0->1,67
BRDA:41,0,merged_counter[4]:1->0,66
BRDA:41,0,merged_counter[5]:0->1,58
BRDA:41,0,merged_counter[5]:1->0,57
BRDA:41,0,merged_counter[6]:0->1,58
BRDA:41,0,merged_counter[6]:1->0,58
BRDA:41,0,merged_counter[7]:0->1,59
BRDA:41,0,merged_counter[7]:1->0,58
BRDA:41,0,merged_counter[8]:0->1,67
BRDA:41,0,merged_counter[8]:1->0,66
BRDA:41,0,merged_counter[9]:0->1,68
BRDA:41,0,merged_counter[9]:1->0,68
DA:42,100
BRDA:42,0,merged_compare[0]:0->1,100
BRDA:42,0,merged_compare[0]:1->0,99
BRDA:42,0,merged_compare[10]:0->1,81
BRDA:42,0,merged_compare[10]:1->0,80
BRDA:42,0,merged_compare[11]:0->1,79
BRDA:42,0,merged_compare[11]:1->0,79
BRDA:42,0,merged_compare[12]:0->1,82
BRDA:42,0,merged_compare[12]:1->0,81
BRDA:42,0,merged_compare[13]:0->1,87
BRDA:42,0,merged_compare[13]:1->0,87
BRDA:42,0,merged_compare[14]:0->1,79
BRDA:42,0,merged_compare[14]:1->0,78
BRDA:42,0,merged_compare[15]:0->1,87
BRDA:42,0,merged_compare[15]:1->0,87
BRDA:42,0,merged_compare[16]:0->1,83
BRDA:42,0,merged_compare[16]:1->0,82
BRDA:42,0,merged_compare[17]:0->1,83
BRDA:42,0,merged_compare[17]:1->0,82
BRDA:42,0,merged_compare[18]:0->1,86
BRDA:42,0,merged_compare[18]:1->0,85
BRDA:42,0,merged_compare[19]:0->1,81
BRDA:42,0,merged_compare[19]:1->0,80
BRDA:42,0,merged_compare[1]:0->1,93
BRDA:42,0,merged_compare[1]:1->0,92
BRDA:42,0,merged_compare[20]:0->1,82
BRDA:42,0,merged_compare[20]:1->0,81
BRDA:42,0,merged_compare[21]:0->1,75
BRDA:42,0,merged_compare[21]:1->0,74
BRDA:42,0,merged_compare[22]:0->1,87
BRDA:42,0,merged_compare[22]:1->0,86
BRDA:42,0,merged_compare[23]:0->1,81
BRDA:42,0,merged_compare[23]:1->0,80
BRDA:42,0,merged_compare[24]:0->1,75
BRDA:42,0,merged_compare[24]:1->0,75
BRDA:42,0,merged_compare[25]:0->1,78
BRDA:42,0,merged_compare[25]:1->0,78
BRDA:42,0,merged_compare[26]:0->1,80
BRDA:42,0,merged_compare[26]:1->0,79
BRDA:42,0,merged_compare[27]:0->1,71
BRDA:42,0,merged_compare[27]:1->0,71
BRDA:42,0,merged_compare[28]:0->1,75
BRDA:42,0,merged_compare[28]:1->0,75
BRDA:42,0,merged_compare[29]:0->1,68
BRDA:42,0,merged_compare[29]:1->0,67
BRDA:42,0,merged_compare[2]:0->1,92
BRDA:42,0,merged_compare[2]:1->0,91
BRDA:42,0,merged_compare[30]:0->1,78
BRDA:42,0,merged_compare[30]:1->0,77
BRDA:42,0,merged_compare[31]:0->1,73
BRDA:42,0,merged_compare[31]:1->0,72
BRDA:42,0,merged_compare[3]:0->1,88
BRDA:42,0,merged_compare[3]:1->0,87
BRDA:42,0,merged_compare[4]:0->1,84
BRDA:42,0,merged_compare[4]:1->0,83
BRDA:42,0,merged_compare[5]:0->1,76
BRDA:42,0,merged_compare[5]:1->0,75
BRDA:42,0,merged_compare[6]:0->1,80
BRDA:42,0,merged_compare[6]:1->0,80
BRDA:42,0,merged_compare[7]:0->1,78
BRDA:42,0,merged_compare[7]:1->0,77
BRDA:42,0,merged_compare[8]:0->1,88
BRDA:42,0,merged_compare[8]:1->0,88
BRDA:42,0,merged_compare[9]:0->1,73
BRDA:42,0,merged_compare[9]:1->0,72
DA:44,4122
DA:49,4122
DA:50,4122
DA:51,4122
DA:52,4122
DA:53,16488
BRDA:53,0,block,4122
BRDA:53,0,block,16488
DA:54,12732
BRDA:54,0,if,3756
BRDA:54,0,else,12732
DA:55,3756
DA:58,4122
DA:63,1126
BRDA:63,0,(PENABLE==0) => 0,1126
BRDA:63,0,(PREADY==0) => 0,0
BRDA:63,0,(PSEL==0) => 0,564
BRDA:63,0,(PSEL==1 && PENABLE==1 && PREADY==1) => 1,562
DA:64,1126
BRDA:64,0,(PWRITE==0) => 0,1106
BRDA:64,0,(transfer==0) => 0,1126
BRDA:64,0,(transfer==1 && PWRITE==1) => 1,291
DA:67,972
DA:68,972
DA:72,701
DA:73,271
DA:77,1146
BRDA:77,0,(address_valid==1) => 0,1146
BRDA:77,0,(transfer==0) => 0,1126
BRDA:77,0,(transfer==1 && address_valid==0) => 1,271
DA:80,1397
BRDA:80,0,((PADDR == APB_TIMER_CONTROL_ADDR)==0) => 0,970
BRDA:80,0,(PSTRB[0]==0) => 0,1352
BRDA:80,0,(address_valid==0) => 0,542
BRDA:80,0,(write_transfer==0) => 0,1397
BRDA:80,0,(write_transfer==1 && address_valid==1 && (PADDR == APB_TIMER_CONTROL_ADDR)==1 && PSTRB[0]==1) => 1,40
DA:82,1528
BRDA:82,0,((PADDR == APB_TIMER_COUNTER_ADDR)==0) => 0,1528
BRDA:82,0,(PSTRB[0]==0 && PSTRB[1]==0 && PSTRB[2]==0 && PSTRB[3]==0) => 0,1134
BRDA:82,0,(address_valid==0) => 0,542
BRDA:82,0,(write_transfer==0) => 0,1397
BRDA:82,0,(write_transfer==1 && address_valid==1 && (PADDR == APB_TIMER_COUNTER_ADDR)==1 && PSTRB[0]==1) => 1,29
BRDA:82,0,(write_transfer==1 && address_valid==1 && (PADDR == APB_TIMER_COUNTER_ADDR)==1 && PSTRB[1]==1) => 1,32
BRDA:82,0,(write_transfer==1 && address_valid==1 && (PADDR == APB_TIMER_COUNTER_ADDR)==1 && PSTRB[2]==1) => 1,29
BRDA:82,0,(write_transfer==1 && address_valid==1 && (PADDR == APB_TIMER_COUNTER_ADDR)==1 && PSTRB[3]==1) => 1,32
DA:84,1536
BRDA:84,0,((PADDR == APB_TIMER_COMPARE_ADDR)==0) => 0,1536
BRDA:84,0,(PSTRB[0]==0 && PSTRB[1]==0 && PSTRB[2]==0 && PSTRB[3]==0) => 0,1134
BRDA:84,0,(address_valid==0) => 0,542
BRDA:84,0,(write_transfer==0) => 0,1397
BRDA:84,0,(write_transfer==1 && address_valid==1 && (PADDR == APB_TIMER_COMPARE_ADDR)==1 && PSTRB[0]==1) => 1,34
BRDA:84,0,(write_transfer==1 && address_valid==1 && (PADDR == APB_TIMER_COMPARE_ADDR)==1 && PSTRB[1]==1) => 1,36
BRDA:84,0,(write_transfer==1 && address_valid==1 && (PADDR == APB_TIMER_COMPARE_ADDR)==1 && PSTRB[2]==1) => 1,36
BRDA:84,0,(write_transfer==1 && address_valid==1 && (PADDR == APB_TIMER_COMPARE_ADDR)==1 && PSTRB[3]==1) => 1,26
DA:87,1572
BRDA:87,0,((PADDR == APB_TIMER_STATUS_ADDR)==0) => 0,1572
BRDA:87,0,(PSTRB[0]==0) => 0,1352
BRDA:87,0,(PWDATA[0]==0) => 0,1368
BRDA:87,0,(address_valid==0) => 0,542
BRDA:87,0,(write_transfer==0) => 0,1397
BRDA:87,0,(write_transfer==1 && address_valid==1 && (PADDR == APB_TIMER_STATUS_ADDR)==1 && PSTRB[0]==1 && PWDATA[0]==1) => 1,5
DA:89,2644
BRDA:89,0,(control_write==1) => 0,80
BRDA:89,0,(counter_write==1) => 0,84
BRDA:89,0,(timer_enable_q==0) => 0,2644
BRDA:89,0,(timer_enable_q==1 && control_write==0 && counter_write==0) => 1,468
DA:91,3130
BRDA:91,0,((incremented_counter == compare_q)==0) => 0,3130
BRDA:91,0,(automatic_increment==0) => 0,2697
BRDA:91,0,(automatic_increment==1 && (incremented_counter == compare_q)==1) => 1,17
DA:95,2449
DA:96,2449
DA:97,1906
BRDA:97,0,else,543
BRDA:97,0,if,1906
DA:98,1906
DA:99,994
DA:100,240
DA:101,228
DA:102,174
DA:103,270
DA:108,1423
BRDA:108,0,(irq_enable_q==0) => 0,1340
BRDA:108,0,(match_pending_q==0) => 0,1423
BRDA:108,0,(match_pending_q==1 && irq_enable_q==1) => 1,39
DA:110,1477
DA:111,1318
BRDA:111,0,else,1318
BRDA:111,0,(PRESETn==0) => 1,159
BRDA:111,0,(PRESETn==1) => 0,1318
BRDA:111,0,if,159
DA:112,159
DA:113,159
DA:114,159
DA:115,159
DA:116,159
DA:117,1318
DA:118,1278
BRDA:118,0,if,40
BRDA:118,0,else,1278
DA:119,40
DA:120,40
DA:123,42
DA:124,42
DA:125,1065
BRDA:125,0,if,211
BRDA:125,0,else,1065
DA:126,211
DA:129,1273
BRDA:129,0,if,45
BRDA:129,0,else,1273
DA:130,45
DA:133,1318
BRDA:133,0,else,1318
BRDA:133,0,(match_event==1) => 1,15
BRDA:133,0,(match_pending_q==0 && match_event==0) => 0,1262
BRDA:133,0,(match_pending_q==1 && status_clear==0) => 1,41
BRDA:133,0,(status_clear==1 && match_event==0) => 0,4
BRF:596
BRH:521
end_of_record
